{"numFailedTestSuites":0,"numFailedTests":0,"numPassedTestSuites":13,"numPassedTests":23,"numPendingTestSuites":0,"numPendingTests":0,"numRuntimeErrorTestSuites":0,"numTodoTests":0,"numTotalTestSuites":13,"numTotalTests":23,"openHandles":[],"snapshot":{"added":0,"didUpdate":false,"failure":false,"filesAdded":0,"filesRemoved":0,"filesRemovedList":[],"filesUnmatched":0,"filesUpdated":0,"matched":7,"total":7,"unchecked":0,"uncheckedKeysByFile":[],"unmatched":0,"updated":0},"startTime":1608534524483,"success":true,"testResults":[{"assertionResults":[{"ancestorTitles":["Test ServiceMessage actions, reducers and selectors"],"failureMessages":[],"fullName":"Test ServiceMessage actions, reducers and selectors should have the correct default state","location":null,"status":"passed","title":"should have the correct default state"}],"endTime":1608534534143,"message":"","name":"/Users/henry/git/equinor/mad-project-hearing-test-client/app/store/service-message/reducer.spec.js","startTime":1608534528292,"status":"passed","summary":""},{"assertionResults":[{"ancestorTitles":[],"failureMessages":[],"fullName":"should set the correct states and return correct values from the selectors","location":null,"status":"passed","title":"should set the correct states and return correct values from the selectors"}],"endTime":1608534534145,"message":"","name":"/Users/henry/git/equinor/mad-project-hearing-test-client/app/store/version/reducer.spec.js","startTime":1608534528257,"status":"passed","summary":""},{"assertionResults":[{"ancestorTitles":[],"failureMessages":[],"fullName":"sets the correct auth statuses and user object","location":null,"status":"passed","title":"sets the correct auth statuses and user object"}],"endTime":1608534534152,"message":"","name":"/Users/henry/git/equinor/mad-project-hearing-test-client/app/store/auth/reducer.spec.js","startTime":1608534528258,"status":"passed","summary":""},{"assertionResults":[{"ancestorTitles":["fetch changelog actions, reducers and selectors"],"failureMessages":[],"fullName":"fetch changelog actions, reducers and selectors should have the correct default state","location":null,"status":"passed","title":"should have the correct default state"},{"ancestorTitles":["fetch changelog actions, reducers and selectors"],"failureMessages":[],"fullName":"fetch changelog actions, reducers and selectors should set fetching to true when fetch changelog is requested and reset if it fails","location":null,"status":"passed","title":"should set fetching to true when fetch changelog is requested and reset if it fails"},{"ancestorTitles":["fetch changelog actions, reducers and selectors"],"failureMessages":[],"fullName":"fetch changelog actions, reducers and selectors should set the correct state and the selectors should return the correct values after fetch is successful","location":null,"status":"passed","title":"should set the correct state and the selectors should return the correct values after fetch is successful"}],"endTime":1608534534226,"message":"","name":"/Users/henry/git/equinor/mad-project-hearing-test-client/app/store/changelog/reducer.spec.js","startTime":1608534528296,"status":"passed","summary":""},{"assertionResults":[{"ancestorTitles":["Test Test actions, reducers and selectors"],"failureMessages":[],"fullName":"Test Test actions, reducers and selectors does not start test if test isn't fetched and stored.\n      AKA. does not crash if you try to start the test without any test loaded...","location":null,"status":"passed","title":"does not start test if test isn't fetched and stored.\n      AKA. does not crash if you try to start the test without any test loaded..."},{"ancestorTitles":["Test Test actions, reducers and selectors"],"failureMessages":[],"fullName":"Test Test actions, reducers and selectors can store and select the whole test ","location":null,"status":"passed","title":"can store and select the whole test "},{"ancestorTitles":["Test Test actions, reducers and selectors"],"failureMessages":[],"fullName":"Test Test actions, reducers and selectors starts the test","location":null,"status":"passed","title":"starts the test"},{"ancestorTitles":["Test Test actions, reducers and selectors"],"failureMessages":[],"fullName":"Test Test actions, reducers and selectors can go to next node on success (traversing the whole test-tree, path of success)","location":null,"status":"passed","title":"can go to next node on success (traversing the whole test-tree, path of success)"},{"ancestorTitles":["Test Test actions, reducers and selectors"],"failureMessages":[],"fullName":"Test Test actions, reducers and selectors can go to next node on failure (traversing the whole test-tree, path of failure)","location":null,"status":"passed","title":"can go to next node on failure (traversing the whole test-tree, path of failure)"}],"endTime":1608534534724,"message":"","name":"/Users/henry/git/equinor/mad-project-hearing-test-client/app/store/test/reducer.spec.js","startTime":1608534528260,"status":"passed","summary":""},{"assertionResults":[{"ancestorTitles":[],"failureMessages":[],"fullName":"should set the correct state","location":null,"status":"passed","title":"should set the correct state"}],"endTime":1608534534808,"message":"","name":"/Users/henry/git/equinor/mad-project-hearing-test-client/app/store/connectivity/reducer.spec.js","startTime":1608534534248,"status":"passed","summary":""},{"assertionResults":[{"ancestorTitles":["Test Tests actions, reducers and selectors"],"failureMessages":[],"fullName":"Test Tests actions, reducers and selectors can store and select what it stores ","location":null,"status":"passed","title":"can store and select what it stores "}],"endTime":1608534534820,"message":"","name":"/Users/henry/git/equinor/mad-project-hearing-test-client/app/store/tests/reducer.spec.js","startTime":1608534534248,"status":"passed","summary":""},{"assertionResults":[{"ancestorTitles":["auth sagas"],"failureMessages":[],"fullName":"auth sagas should generate the correct non-silent authentication flow","location":null,"status":"passed","title":"should generate the correct non-silent authentication flow"},{"ancestorTitles":["auth sagas"],"failureMessages":[],"fullName":"auth sagas should generate the correct silent authentication flow","location":null,"status":"passed","title":"should generate the correct silent authentication flow"},{"ancestorTitles":["auth sagas"],"failureMessages":[],"fullName":"auth sagas should generate the correct authentication flow when not connected","location":null,"status":"passed","title":"should generate the correct authentication flow when not connected"},{"ancestorTitles":["auth sagas"],"failureMessages":[],"fullName":"auth sagas should reset login if unhandled error is thrown in authentication flow","location":null,"status":"passed","title":"should reset login if unhandled error is thrown in authentication flow"},{"ancestorTitles":["auth sagas"],"failureMessages":[],"fullName":"auth sagas should generate the correct signout flow","location":null,"status":"passed","title":"should generate the correct signout flow"}],"endTime":1608534534961,"message":"","name":"/Users/henry/git/equinor/mad-project-hearing-test-client/app/store/auth/sagas/auth.spec.js","startTime":1608534528291,"status":"passed","summary":""},{"assertionResults":[{"ancestorTitles":[],"failureMessages":[],"fullName":"renders and behaves correctly","location":null,"status":"passed","title":"renders and behaves correctly"}],"endTime":1608534535502,"message":"","name":"/Users/henry/git/equinor/mad-project-hearing-test-client/app/components/common/__tests__/NavigationList.spec.js","startTime":1608534528256,"status":"passed","summary":""},{"assertionResults":[{"ancestorTitles":[],"failureMessages":[],"fullName":"renders and behaves correctly","location":null,"status":"passed","title":"renders and behaves correctly"}],"endTime":1608534535504,"message":"","name":"/Users/henry/git/equinor/mad-project-hearing-test-client/app/components/common/__tests__/TextLink.spec.js","startTime":1608534528261,"status":"passed","summary":""},{"assertionResults":[{"ancestorTitles":[],"failureMessages":[],"fullName":"renders and behaves correctly","location":null,"status":"passed","title":"renders and behaves correctly"}],"endTime":1608534535505,"message":"","name":"/Users/henry/git/equinor/mad-project-hearing-test-client/app/components/common/__tests__/Checkbox.spec.js","startTime":1608534528295,"status":"passed","summary":""},{"assertionResults":[{"ancestorTitles":[],"failureMessages":[],"fullName":"renders and behaves correctly","location":null,"status":"passed","title":"renders and behaves correctly"}],"endTime":1608534535514,"message":"","name":"/Users/henry/git/equinor/mad-project-hearing-test-client/app/components/common/__tests__/Button.spec.js","startTime":1608534528296,"status":"passed","summary":""},{"assertionResults":[{"ancestorTitles":[],"failureMessages":[],"fullName":"renders correctly","location":null,"status":"passed","title":"renders correctly"}],"endTime":1608534535570,"message":"","name":"/Users/henry/git/equinor/mad-project-hearing-test-client/app/components/changelog/ChangeLog.spec.js","startTime":1608534528262,"status":"passed","summary":""}],"wasInterrupted":false,"coverageMap":{"/Users/henry/git/equinor/mad-project-hearing-test-client/app/store/service-message/reducer.js":{"path":"/Users/henry/git/equinor/mad-project-hearing-test-client/app/store/service-message/reducer.js","statementMap":{"0":{"start":{"line":10,"column":21},"end":{"line":15,"column":1}},"1":{"start":{"line":19,"column":46},"end":{"line":22,"column":5}},"2":{"start":{"line":23,"column":56},"end":{"line":27,"column":5}},"3":{"start":{"line":28,"column":43},"end":{"line":31,"column":5}},"4":{"start":{"line":32,"column":35},"end":{"line":32,"column":47}},"5":{"start":{"line":37,"column":23},"end":{"line":37,"column":63}},"6":{"start":{"line":37,"column":32},"end":{"line":37,"column":63}},"7":{"start":{"line":39,"column":36},"end":{"line":39,"column":88}},"8":{"start":{"line":39,"column":45},"end":{"line":39,"column":88}},"9":{"start":{"line":41,"column":26},"end":{"line":41,"column":65}},"10":{"start":{"line":41,"column":35},"end":{"line":41,"column":65}}},"fnMap":{"0":{"name":"(anonymous_0)","decl":{"start":{"line":19,"column":36},"end":{"line":19,"column":37}},"loc":{"start":{"line":19,"column":46},"end":{"line":22,"column":5}},"line":19},"1":{"name":"(anonymous_1)","decl":{"start":{"line":23,"column":36},"end":{"line":23,"column":37}},"loc":{"start":{"line":23,"column":56},"end":{"line":27,"column":5}},"line":23},"2":{"name":"(anonymous_2)","decl":{"start":{"line":28,"column":33},"end":{"line":28,"column":34}},"loc":{"start":{"line":28,"column":43},"end":{"line":31,"column":5}},"line":28},"3":{"name":"(anonymous_3)","decl":{"start":{"line":32,"column":29},"end":{"line":32,"column":30}},"loc":{"start":{"line":32,"column":35},"end":{"line":32,"column":47}},"line":32},"4":{"name":"(anonymous_4)","decl":{"start":{"line":37,"column":23},"end":{"line":37,"column":24}},"loc":{"start":{"line":37,"column":32},"end":{"line":37,"column":63}},"line":37},"5":{"name":"(anonymous_5)","decl":{"start":{"line":39,"column":36},"end":{"line":39,"column":37}},"loc":{"start":{"line":39,"column":45},"end":{"line":39,"column":88}},"line":39},"6":{"name":"(anonymous_6)","decl":{"start":{"line":41,"column":26},"end":{"line":41,"column":27}},"loc":{"start":{"line":41,"column":35},"end":{"line":41,"column":65}},"line":41}},"branchMap":{"0":{"loc":{"start":{"line":39,"column":45},"end":{"line":39,"column":88}},"type":"binary-expr","locations":[{"start":{"line":39,"column":45},"end":{"line":39,"column":82}},{"start":{"line":39,"column":86},"end":{"line":39,"column":88}}],"line":39}},"s":{"0":2,"1":0,"2":0,"3":0,"4":0,"5":2,"6":0,"7":2,"8":0,"9":2,"10":0},"f":{"0":0,"1":0,"2":0,"3":0,"4":0,"5":0,"6":0},"b":{"0":[0,0]},"_coverageSchema":"43e27e138ebf9cfc5966b082cf9a028302ed4184","hash":"23536995c650bf6cac43271156d9593fddf5ee4e"},"/Users/henry/git/equinor/mad-project-hearing-test-client/app/store/service-message/actions.js":{"path":"/Users/henry/git/equinor/mad-project-hearing-test-client/app/store/service-message/actions.js","statementMap":{"0":{"start":{"line":3,"column":35},"end":{"line":3,"column":71}},"1":{"start":{"line":4,"column":44},"end":{"line":4,"column":90}},"2":{"start":{"line":5,"column":44},"end":{"line":5,"column":90}},"3":{"start":{"line":6,"column":41},"end":{"line":6,"column":84}},"4":{"start":{"line":7,"column":37},"end":{"line":7,"column":75}}},"fnMap":{},"branchMap":{},"s":{"0":2,"1":2,"2":2,"3":2,"4":2},"f":{},"b":{},"_coverageSchema":"43e27e138ebf9cfc5966b082cf9a028302ed4184","hash":"a1ce2f60e5935b50c006bd23b8ba834041f6c7bf"},"/Users/henry/git/equinor/mad-project-hearing-test-client/app/types/index.js":{"path":"/Users/henry/git/equinor/mad-project-hearing-test-client/app/types/index.js","statementMap":{"0":{"start":{"line":1,"column":25},"end":{"line":12,"column":1}},"1":{"start":{"line":14,"column":28},"end":{"line":19,"column":1}},"2":{"start":{"line":21,"column":31},"end":{"line":27,"column":1}}},"fnMap":{},"branchMap":{},"s":{"0":8,"1":8,"2":8},"f":{},"b":{},"_coverageSchema":"43e27e138ebf9cfc5966b082cf9a028302ed4184","hash":"f3e84af88a20ff5ef2094c0316e10ae99abe545a"},"/Users/henry/git/equinor/mad-project-hearing-test-client/app/store/version/reducer.js":{"path":"/Users/henry/git/equinor/mad-project-hearing-test-client/app/store/version/reducer.js","statementMap":{"0":{"start":{"line":7,"column":38},"end":{"line":9,"column":5}},"1":{"start":{"line":10,"column":27},"end":{"line":12,"column":5}},"2":{"start":{"line":17,"column":26},"end":{"line":17,"column":67}},"3":{"start":{"line":17,"column":35},"end":{"line":17,"column":67}}},"fnMap":{"0":{"name":"(anonymous_0)","decl":{"start":{"line":7,"column":18},"end":{"line":7,"column":19}},"loc":{"start":{"line":7,"column":38},"end":{"line":9,"column":5}},"line":7},"1":{"name":"(anonymous_1)","decl":{"start":{"line":10,"column":20},"end":{"line":10,"column":21}},"loc":{"start":{"line":10,"column":27},"end":{"line":12,"column":5}},"line":10},"2":{"name":"(anonymous_2)","decl":{"start":{"line":17,"column":26},"end":{"line":17,"column":27}},"loc":{"start":{"line":17,"column":35},"end":{"line":17,"column":67}},"line":17}},"branchMap":{},"s":{"0":2,"1":1,"2":2,"3":3},"f":{"0":2,"1":1,"2":3},"b":{},"_coverageSchema":"43e27e138ebf9cfc5966b082cf9a028302ed4184","hash":"236079578b31fe2971ff6e1085bdddd5e5118985"},"/Users/henry/git/equinor/mad-project-hearing-test-client/app/store/version/actions.js":{"path":"/Users/henry/git/equinor/mad-project-hearing-test-client/app/store/version/actions.js","statementMap":{"0":{"start":{"line":3,"column":28},"end":{"line":3,"column":61}},"1":{"start":{"line":4,"column":26},"end":{"line":4,"column":53}}},"fnMap":{},"branchMap":{},"s":{"0":2,"1":2},"f":{},"b":{},"_coverageSchema":"43e27e138ebf9cfc5966b082cf9a028302ed4184","hash":"a82a75d51c4185a0b363b62fecc707ee18195783"},"/Users/henry/git/equinor/mad-project-hearing-test-client/app/store/auth/reducer.js":{"path":"/Users/henry/git/equinor/mad-project-hearing-test-client/app/store/auth/reducer.js","statementMap":{"0":{"start":{"line":7,"column":21},"end":{"line":10,"column":1}},"1":{"start":{"line":14,"column":50},"end":{"line":18,"column":5}},"2":{"start":{"line":19,"column":40},"end":{"line":22,"column":5}},"3":{"start":{"line":23,"column":37},"end":{"line":26,"column":5}},"4":{"start":{"line":27,"column":36},"end":{"line":30,"column":5}},"5":{"start":{"line":35,"column":21},"end":{"line":35,"column":51}},"6":{"start":{"line":35,"column":30},"end":{"line":35,"column":51}},"7":{"start":{"line":37,"column":30},"end":{"line":37,"column":63}},"8":{"start":{"line":37,"column":39},"end":{"line":37,"column":63}},"9":{"start":{"line":39,"column":29},"end":{"line":39,"column":68}},"10":{"start":{"line":39,"column":38},"end":{"line":39,"column":68}}},"fnMap":{"0":{"name":"(anonymous_0)","decl":{"start":{"line":14,"column":30},"end":{"line":14,"column":31}},"loc":{"start":{"line":14,"column":50},"end":{"line":18,"column":5}},"line":14},"1":{"name":"(anonymous_1)","decl":{"start":{"line":19,"column":30},"end":{"line":19,"column":31}},"loc":{"start":{"line":19,"column":40},"end":{"line":22,"column":5}},"line":19},"2":{"name":"(anonymous_2)","decl":{"start":{"line":23,"column":27},"end":{"line":23,"column":28}},"loc":{"start":{"line":23,"column":37},"end":{"line":26,"column":5}},"line":23},"3":{"name":"(anonymous_3)","decl":{"start":{"line":27,"column":26},"end":{"line":27,"column":27}},"loc":{"start":{"line":27,"column":36},"end":{"line":30,"column":5}},"line":27},"4":{"name":"(anonymous_4)","decl":{"start":{"line":35,"column":21},"end":{"line":35,"column":22}},"loc":{"start":{"line":35,"column":30},"end":{"line":35,"column":51}},"line":35},"5":{"name":"(anonymous_5)","decl":{"start":{"line":37,"column":30},"end":{"line":37,"column":31}},"loc":{"start":{"line":37,"column":39},"end":{"line":37,"column":63}},"line":37},"6":{"name":"(anonymous_6)","decl":{"start":{"line":39,"column":29},"end":{"line":39,"column":30}},"loc":{"start":{"line":39,"column":38},"end":{"line":39,"column":68}},"line":39}},"branchMap":{},"s":{"0":2,"1":1,"2":2,"3":1,"4":1,"5":2,"6":7,"7":2,"8":2,"9":2,"10":5},"f":{"0":1,"1":2,"2":1,"3":1,"4":7,"5":2,"6":5},"b":{},"_coverageSchema":"43e27e138ebf9cfc5966b082cf9a028302ed4184","hash":"073fcf14115c550866b2063516bf18843c15f1d6"},"/Users/henry/git/equinor/mad-project-hearing-test-client/app/store/auth/actions.js":{"path":"/Users/henry/git/equinor/mad-project-hearing-test-client/app/store/auth/actions.js","statementMap":{"0":{"start":{"line":6,"column":30},"end":{"line":6,"column":62}},"1":{"start":{"line":11,"column":21},"end":{"line":11,"column":47}},"2":{"start":{"line":12,"column":30},"end":{"line":12,"column":66}},"3":{"start":{"line":13,"column":30},"end":{"line":13,"column":66}},"4":{"start":{"line":14,"column":27},"end":{"line":14,"column":60}},"5":{"start":{"line":15,"column":28},"end":{"line":15,"column":58}},"6":{"start":{"line":16,"column":26},"end":{"line":16,"column":58}}},"fnMap":{},"branchMap":{},"s":{"0":2,"1":2,"2":2,"3":2,"4":2,"5":2,"6":2},"f":{},"b":{},"_coverageSchema":"43e27e138ebf9cfc5966b082cf9a028302ed4184","hash":"e78e2a83c1846f9f04a9eba29ea9c2abb75bea8b"},"/Users/henry/git/equinor/mad-project-hearing-test-client/app/store/changelog/reducer.js":{"path":"/Users/henry/git/equinor/mad-project-hearing-test-client/app/store/changelog/reducer.js","statementMap":{"0":{"start":{"line":8,"column":41},"end":{"line":12,"column":5}},"1":{"start":{"line":13,"column":51},"end":{"line":17,"column":5}},"2":{"start":{"line":18,"column":38},"end":{"line":21,"column":5}},"3":{"start":{"line":26,"column":31},"end":{"line":26,"column":74}},"4":{"start":{"line":26,"column":40},"end":{"line":26,"column":74}},"5":{"start":{"line":28,"column":26},"end":{"line":28,"column":70}},"6":{"start":{"line":28,"column":35},"end":{"line":28,"column":70}}},"fnMap":{"0":{"name":"(anonymous_0)","decl":{"start":{"line":8,"column":31},"end":{"line":8,"column":32}},"loc":{"start":{"line":8,"column":41},"end":{"line":12,"column":5}},"line":8},"1":{"name":"(anonymous_1)","decl":{"start":{"line":13,"column":31},"end":{"line":13,"column":32}},"loc":{"start":{"line":13,"column":51},"end":{"line":17,"column":5}},"line":13},"2":{"name":"(anonymous_2)","decl":{"start":{"line":18,"column":28},"end":{"line":18,"column":29}},"loc":{"start":{"line":18,"column":38},"end":{"line":21,"column":5}},"line":18},"3":{"name":"(anonymous_3)","decl":{"start":{"line":26,"column":31},"end":{"line":26,"column":32}},"loc":{"start":{"line":26,"column":40},"end":{"line":26,"column":74}},"line":26},"4":{"name":"(anonymous_4)","decl":{"start":{"line":28,"column":26},"end":{"line":28,"column":27}},"loc":{"start":{"line":28,"column":35},"end":{"line":28,"column":70}},"line":28}},"branchMap":{},"s":{"0":2,"1":1,"2":1,"3":2,"4":3,"5":2,"6":3},"f":{"0":2,"1":1,"2":1,"3":3,"4":3},"b":{},"_coverageSchema":"43e27e138ebf9cfc5966b082cf9a028302ed4184","hash":"7cab9cee07e92683cef75bcf4d53e29697066557"},"/Users/henry/git/equinor/mad-project-hearing-test-client/app/store/changelog/actions.js":{"path":"/Users/henry/git/equinor/mad-project-hearing-test-client/app/store/changelog/actions.js","statementMap":{"0":{"start":{"line":3,"column":30},"end":{"line":3,"column":61}},"1":{"start":{"line":4,"column":39},"end":{"line":4,"column":80}},"2":{"start":{"line":5,"column":39},"end":{"line":5,"column":79}},"3":{"start":{"line":6,"column":36},"end":{"line":6,"column":74}}},"fnMap":{},"branchMap":{},"s":{"0":2,"1":2,"2":2,"3":2},"f":{},"b":{},"_coverageSchema":"43e27e138ebf9cfc5966b082cf9a028302ed4184","hash":"0b5584e20b6af72afb942dd205b439c28004c8f4"},"/Users/henry/git/equinor/mad-project-hearing-test-client/app/store/test/reducer.js":{"path":"/Users/henry/git/equinor/mad-project-hearing-test-client/app/store/test/reducer.js","statementMap":{"0":{"start":{"line":21,"column":22},"end":{"line":21,"column":40}},"1":{"start":{"line":22,"column":2},"end":{"line":22,"column":52}},"2":{"start":{"line":23,"column":2},"end":{"line":23,"column":96}},"3":{"start":{"line":26,"column":2},"end":{"line":26,"column":51}},"4":{"start":{"line":28,"column":2},"end":{"line":67,"column":3}},"5":{"start":{"line":30,"column":29},"end":{"line":30,"column":92}},"6":{"start":{"line":31,"column":4},"end":{"line":31,"column":47}},"7":{"start":{"line":38,"column":24},"end":{"line":38,"column":77}},"8":{"start":{"line":39,"column":25},"end":{"line":39,"column":50}},"9":{"start":{"line":40,"column":4},"end":{"line":40,"column":83}},"10":{"start":{"line":41,"column":4},"end":{"line":41,"column":47}},"11":{"start":{"line":43,"column":4},"end":{"line":66,"column":5}},"12":{"start":{"line":45,"column":6},"end":{"line":45,"column":40}},"13":{"start":{"line":47,"column":25},"end":{"line":47,"column":26}},"14":{"start":{"line":48,"column":20},"end":{"line":48,"column":59}},"15":{"start":{"line":49,"column":6},"end":{"line":65,"column":9}},"16":{"start":{"line":50,"column":21},"end":{"line":50,"column":43}},"17":{"start":{"line":51,"column":8},"end":{"line":51,"column":23}},"18":{"start":{"line":52,"column":8},"end":{"line":64,"column":9}},"19":{"start":{"line":53,"column":10},"end":{"line":58,"column":11}},"20":{"start":{"line":54,"column":12},"end":{"line":54,"column":38}},"21":{"start":{"line":56,"column":12},"end":{"line":56,"column":30}},"22":{"start":{"line":57,"column":12},"end":{"line":57,"column":62}},"23":{"start":{"line":59,"column":15},"end":{"line":64,"column":9}},"24":{"start":{"line":60,"column":10},"end":{"line":60,"column":36}},"25":{"start":{"line":62,"column":10},"end":{"line":62,"column":28}},"26":{"start":{"line":63,"column":10},"end":{"line":63,"column":60}},"27":{"start":{"line":69,"column":2},"end":{"line":69,"column":21}},"28":{"start":{"line":74,"column":41},"end":{"line":77,"column":5}},"29":{"start":{"line":79,"column":6},"end":{"line":83,"column":8}},"30":{"start":{"line":85,"column":48},"end":{"line":91,"column":5}},"31":{"start":{"line":93,"column":36},"end":{"line":97,"column":5}},"32":{"start":{"line":99,"column":6},"end":{"line":104,"column":8}},"33":{"start":{"line":106,"column":43},"end":{"line":110,"column":5}},"34":{"start":{"line":111,"column":35},"end":{"line":115,"column":5}},"35":{"start":{"line":117,"column":6},"end":{"line":122,"column":8}},"36":{"start":{"line":124,"column":42},"end":{"line":128,"column":5}},"37":{"start":{"line":130,"column":6},"end":{"line":135,"column":7}},"38":{"start":{"line":131,"column":8},"end":{"line":134,"column":10}},"39":{"start":{"line":136,"column":6},"end":{"line":143,"column":8}},"40":{"start":{"line":146,"column":6},"end":{"line":146,"column":71}},"41":{"start":{"line":148,"column":34},"end":{"line":148,"column":90}},"42":{"start":{"line":149,"column":34},"end":{"line":149,"column":91}},"43":{"start":{"line":164,"column":32},"end":{"line":164,"column":71}},"44":{"start":{"line":164,"column":41},"end":{"line":164,"column":71}},"45":{"start":{"line":165,"column":26},"end":{"line":165,"column":61}},"46":{"start":{"line":165,"column":35},"end":{"line":165,"column":61}},"47":{"start":{"line":166,"column":26},"end":{"line":166,"column":61}},"48":{"start":{"line":166,"column":35},"end":{"line":166,"column":61}},"49":{"start":{"line":167,"column":36},"end":{"line":167,"column":81}},"50":{"start":{"line":167,"column":45},"end":{"line":167,"column":81}},"51":{"start":{"line":168,"column":35},"end":{"line":168,"column":79}},"52":{"start":{"line":168,"column":44},"end":{"line":168,"column":79}},"53":{"start":{"line":169,"column":29},"end":{"line":169,"column":67}},"54":{"start":{"line":169,"column":38},"end":{"line":169,"column":67}},"55":{"start":{"line":170,"column":32},"end":{"line":170,"column":73}},"56":{"start":{"line":170,"column":41},"end":{"line":170,"column":73}},"57":{"start":{"line":171,"column":27},"end":{"line":171,"column":63}},"58":{"start":{"line":171,"column":36},"end":{"line":171,"column":63}}},"fnMap":{"0":{"name":"setNextNode","decl":{"start":{"line":20,"column":9},"end":{"line":20,"column":20}},"loc":{"start":{"line":20,"column":42},"end":{"line":70,"column":1}},"line":20},"1":{"name":"(anonymous_1)","decl":{"start":{"line":49,"column":40},"end":{"line":49,"column":41}},"loc":{"start":{"line":49,"column":48},"end":{"line":65,"column":7}},"line":49},"2":{"name":"(anonymous_2)","decl":{"start":{"line":74,"column":31},"end":{"line":74,"column":32}},"loc":{"start":{"line":74,"column":41},"end":{"line":77,"column":5}},"line":74},"3":{"name":"(anonymous_3)","decl":{"start":{"line":78,"column":31},"end":{"line":78,"column":32}},"loc":{"start":{"line":78,"column":40},"end":{"line":84,"column":5}},"line":78},"4":{"name":"(anonymous_4)","decl":{"start":{"line":85,"column":28},"end":{"line":85,"column":29}},"loc":{"start":{"line":85,"column":48},"end":{"line":91,"column":5}},"line":85},"5":{"name":"(anonymous_5)","decl":{"start":{"line":93,"column":26},"end":{"line":93,"column":27}},"loc":{"start":{"line":93,"column":36},"end":{"line":97,"column":5}},"line":93},"6":{"name":"(anonymous_6)","decl":{"start":{"line":98,"column":26},"end":{"line":98,"column":27}},"loc":{"start":{"line":98,"column":45},"end":{"line":105,"column":5}},"line":98},"7":{"name":"(anonymous_7)","decl":{"start":{"line":106,"column":23},"end":{"line":106,"column":24}},"loc":{"start":{"line":106,"column":43},"end":{"line":110,"column":5}},"line":106},"8":{"name":"(anonymous_8)","decl":{"start":{"line":111,"column":25},"end":{"line":111,"column":26}},"loc":{"start":{"line":111,"column":35},"end":{"line":115,"column":5}},"line":111},"9":{"name":"(anonymous_9)","decl":{"start":{"line":116,"column":25},"end":{"line":116,"column":26}},"loc":{"start":{"line":116,"column":44},"end":{"line":123,"column":5}},"line":116},"10":{"name":"(anonymous_10)","decl":{"start":{"line":124,"column":22},"end":{"line":124,"column":23}},"loc":{"start":{"line":124,"column":42},"end":{"line":128,"column":5}},"line":124},"11":{"name":"(anonymous_11)","decl":{"start":{"line":129,"column":17},"end":{"line":129,"column":18}},"loc":{"start":{"line":129,"column":26},"end":{"line":144,"column":5}},"line":129},"12":{"name":"(anonymous_12)","decl":{"start":{"line":145,"column":16},"end":{"line":145,"column":17}},"loc":{"start":{"line":145,"column":25},"end":{"line":147,"column":5}},"line":145},"13":{"name":"(anonymous_13)","decl":{"start":{"line":148,"column":15},"end":{"line":148,"column":16}},"loc":{"start":{"line":148,"column":34},"end":{"line":148,"column":90}},"line":148},"14":{"name":"(anonymous_14)","decl":{"start":{"line":149,"column":15},"end":{"line":149,"column":16}},"loc":{"start":{"line":149,"column":34},"end":{"line":149,"column":91}},"line":149},"15":{"name":"(anonymous_15)","decl":{"start":{"line":164,"column":32},"end":{"line":164,"column":33}},"loc":{"start":{"line":164,"column":41},"end":{"line":164,"column":71}},"line":164},"16":{"name":"(anonymous_16)","decl":{"start":{"line":165,"column":26},"end":{"line":165,"column":27}},"loc":{"start":{"line":165,"column":35},"end":{"line":165,"column":61}},"line":165},"17":{"name":"(anonymous_17)","decl":{"start":{"line":166,"column":26},"end":{"line":166,"column":27}},"loc":{"start":{"line":166,"column":35},"end":{"line":166,"column":61}},"line":166},"18":{"name":"(anonymous_18)","decl":{"start":{"line":167,"column":36},"end":{"line":167,"column":37}},"loc":{"start":{"line":167,"column":45},"end":{"line":167,"column":81}},"line":167},"19":{"name":"(anonymous_19)","decl":{"start":{"line":168,"column":35},"end":{"line":168,"column":36}},"loc":{"start":{"line":168,"column":44},"end":{"line":168,"column":79}},"line":168},"20":{"name":"(anonymous_20)","decl":{"start":{"line":169,"column":29},"end":{"line":169,"column":30}},"loc":{"start":{"line":169,"column":38},"end":{"line":169,"column":67}},"line":169},"21":{"name":"(anonymous_21)","decl":{"start":{"line":170,"column":32},"end":{"line":170,"column":33}},"loc":{"start":{"line":170,"column":41},"end":{"line":170,"column":73}},"line":170},"22":{"name":"(anonymous_22)","decl":{"start":{"line":171,"column":27},"end":{"line":171,"column":28}},"loc":{"start":{"line":171,"column":36},"end":{"line":171,"column":63}},"line":171}},"branchMap":{"0":{"loc":{"start":{"line":23,"column":21},"end":{"line":23,"column":95}},"type":"cond-expr","locations":[{"start":{"line":23,"column":44},"end":{"line":23,"column":68}},{"start":{"line":23,"column":71},"end":{"line":23,"column":95}}],"line":23},"1":{"loc":{"start":{"line":28,"column":2},"end":{"line":67,"column":3}},"type":"if","locations":[{"start":{"line":28,"column":2},"end":{"line":67,"column":3}},{"start":{"line":28,"column":2},"end":{"line":67,"column":3}}],"line":28},"2":{"loc":{"start":{"line":28,"column":8},"end":{"line":28,"column":60}},"type":"binary-expr","locations":[{"start":{"line":28,"column":8},"end":{"line":28,"column":32}},{"start":{"line":28,"column":36},"end":{"line":28,"column":60}}],"line":28},"3":{"loc":{"start":{"line":40,"column":23},"end":{"line":40,"column":82}},"type":"cond-expr","locations":[{"start":{"line":40,"column":38},"end":{"line":40,"column":49}},{"start":{"line":40,"column":52},"end":{"line":40,"column":82}}],"line":40},"4":{"loc":{"start":{"line":43,"column":4},"end":{"line":66,"column":5}},"type":"if","locations":[{"start":{"line":43,"column":4},"end":{"line":66,"column":5}},{"start":{"line":43,"column":4},"end":{"line":66,"column":5}}],"line":43},"5":{"loc":{"start":{"line":52,"column":8},"end":{"line":64,"column":9}},"type":"if","locations":[{"start":{"line":52,"column":8},"end":{"line":64,"column":9}},{"start":{"line":52,"column":8},"end":{"line":64,"column":9}}],"line":52},"6":{"loc":{"start":{"line":53,"column":10},"end":{"line":58,"column":11}},"type":"if","locations":[{"start":{"line":53,"column":10},"end":{"line":58,"column":11}},{"start":{"line":53,"column":10},"end":{"line":58,"column":11}}],"line":53},"7":{"loc":{"start":{"line":59,"column":15},"end":{"line":64,"column":9}},"type":"if","locations":[{"start":{"line":59,"column":15},"end":{"line":64,"column":9}},{"start":{"line":59,"column":15},"end":{"line":64,"column":9}}],"line":59},"8":{"loc":{"start":{"line":87,"column":13},"end":{"line":89,"column":24}},"type":"cond-expr","locations":[{"start":{"line":88,"column":10},"end":{"line":88,"column":60}},{"start":{"line":89,"column":10},"end":{"line":89,"column":24}}],"line":87},"9":{"loc":{"start":{"line":130,"column":6},"end":{"line":135,"column":7}},"type":"if","locations":[{"start":{"line":130,"column":6},"end":{"line":135,"column":7}},{"start":{"line":130,"column":6},"end":{"line":135,"column":7}}],"line":130}},"s":{"0":72,"1":72,"2":72,"3":72,"4":72,"5":12,"6":12,"7":12,"8":12,"9":12,"10":12,"11":12,"12":2,"13":2,"14":2,"15":2,"16":72,"17":72,"18":72,"19":30,"20":30,"21":0,"22":0,"23":42,"24":0,"25":42,"26":42,"27":72,"28":0,"29":0,"30":0,"31":0,"32":4,"33":0,"34":0,"35":0,"36":0,"37":4,"38":1,"39":3,"40":0,"41":36,"42":36,"43":2,"44":0,"45":2,"46":149,"47":2,"48":14,"49":2,"50":1,"51":2,"52":2,"53":2,"54":12,"55":2,"56":0,"57":2,"58":0},"f":{"0":72,"1":72,"2":0,"3":0,"4":0,"5":0,"6":4,"7":0,"8":0,"9":0,"10":0,"11":4,"12":0,"13":36,"14":36,"15":0,"16":149,"17":14,"18":1,"19":2,"20":12,"21":0,"22":0},"b":{"0":[36,36],"1":[12,60],"2":[72,60],"3":[10,2],"4":[2,10],"5":[30,42],"6":[30,0],"7":[0,42],"8":[0,0],"9":[1,3]},"_coverageSchema":"43e27e138ebf9cfc5966b082cf9a028302ed4184","hash":"fc3153923cecc518894c002fc72ae0b7ad659e98"},"/Users/henry/git/equinor/mad-project-hearing-test-client/app/store/test/actions.js":{"path":"/Users/henry/git/equinor/mad-project-hearing-test-client/app/store/test/actions.js","statementMap":{"0":{"start":{"line":3,"column":25},"end":{"line":3,"column":51}},"1":{"start":{"line":4,"column":34},"end":{"line":4,"column":70}},"2":{"start":{"line":5,"column":34},"end":{"line":5,"column":70}},"3":{"start":{"line":6,"column":31},"end":{"line":6,"column":64}},"4":{"start":{"line":8,"column":24},"end":{"line":8,"column":49}},"5":{"start":{"line":9,"column":33},"end":{"line":9,"column":68}},"6":{"start":{"line":10,"column":33},"end":{"line":10,"column":68}},"7":{"start":{"line":11,"column":30},"end":{"line":11,"column":62}},"8":{"start":{"line":13,"column":26},"end":{"line":13,"column":56}},"9":{"start":{"line":14,"column":23},"end":{"line":14,"column":54}},"10":{"start":{"line":15,"column":23},"end":{"line":15,"column":54}},"11":{"start":{"line":17,"column":25},"end":{"line":17,"column":51}},"12":{"start":{"line":18,"column":24},"end":{"line":18,"column":49}},"13":{"start":{"line":20,"column":29},"end":{"line":20,"column":64}},"14":{"start":{"line":22,"column":30},"end":{"line":22,"column":61}},"15":{"start":{"line":23,"column":39},"end":{"line":23,"column":80}},"16":{"start":{"line":24,"column":39},"end":{"line":24,"column":80}},"17":{"start":{"line":25,"column":36},"end":{"line":25,"column":74}}},"fnMap":{},"branchMap":{},"s":{"0":2,"1":2,"2":2,"3":2,"4":2,"5":2,"6":2,"7":2,"8":2,"9":2,"10":2,"11":2,"12":2,"13":2,"14":2,"15":2,"16":2,"17":2},"f":{},"b":{},"_coverageSchema":"43e27e138ebf9cfc5966b082cf9a028302ed4184","hash":"a74fd14636138f1831d4bfa22ded7fdcf973c92d"},"/Users/henry/git/equinor/mad-project-hearing-test-client/app/store/connectivity/reducer.js":{"path":"/Users/henry/git/equinor/mad-project-hearing-test-client/app/store/connectivity/reducer.js","statementMap":{"0":{"start":{"line":7,"column":51},"end":{"line":10,"column":5}},"1":{"start":{"line":15,"column":29},"end":{"line":15,"column":67}},"2":{"start":{"line":15,"column":38},"end":{"line":15,"column":67}},"3":{"start":{"line":17,"column":30},"end":{"line":17,"column":76}},"4":{"start":{"line":17,"column":39},"end":{"line":17,"column":76}}},"fnMap":{"0":{"name":"(anonymous_0)","decl":{"start":{"line":7,"column":31},"end":{"line":7,"column":32}},"loc":{"start":{"line":7,"column":51},"end":{"line":10,"column":5}},"line":7},"1":{"name":"(anonymous_1)","decl":{"start":{"line":15,"column":29},"end":{"line":15,"column":30}},"loc":{"start":{"line":15,"column":38},"end":{"line":15,"column":67}},"line":15},"2":{"name":"(anonymous_2)","decl":{"start":{"line":17,"column":30},"end":{"line":17,"column":31}},"loc":{"start":{"line":17,"column":39},"end":{"line":17,"column":76}},"line":17}},"branchMap":{},"s":{"0":2,"1":2,"2":0,"3":2,"4":0},"f":{"0":2,"1":0,"2":0},"b":{},"_coverageSchema":"43e27e138ebf9cfc5966b082cf9a028302ed4184","hash":"458f9072b2d907ce3115ba2234c2f69776338650"},"/Users/henry/git/equinor/mad-project-hearing-test-client/app/store/connectivity/actions.js":{"path":"/Users/henry/git/equinor/mad-project-hearing-test-client/app/store/connectivity/actions.js","statementMap":{"0":{"start":{"line":3,"column":31},"end":{"line":3,"column":63}}},"fnMap":{},"branchMap":{},"s":{"0":2},"f":{},"b":{},"_coverageSchema":"43e27e138ebf9cfc5966b082cf9a028302ed4184","hash":"a8f61f944afb8cc777e22db317b01700700d5f1d"},"/Users/henry/git/equinor/mad-project-hearing-test-client/app/store/tests/reducer.js":{"path":"/Users/henry/git/equinor/mad-project-hearing-test-client/app/store/tests/reducer.js","statementMap":{"0":{"start":{"line":7,"column":37},"end":{"line":11,"column":5}},"1":{"start":{"line":13,"column":6},"end":{"line":18,"column":8}},"2":{"start":{"line":20,"column":44},"end":{"line":24,"column":5}},"3":{"start":{"line":33,"column":27},"end":{"line":33,"column":64}},"4":{"start":{"line":33,"column":36},"end":{"line":33,"column":64}},"5":{"start":{"line":34,"column":37},"end":{"line":34,"column":77}},"6":{"start":{"line":34,"column":46},"end":{"line":34,"column":77}}},"fnMap":{"0":{"name":"(anonymous_0)","decl":{"start":{"line":7,"column":27},"end":{"line":7,"column":28}},"loc":{"start":{"line":7,"column":37},"end":{"line":11,"column":5}},"line":7},"1":{"name":"(anonymous_1)","decl":{"start":{"line":12,"column":27},"end":{"line":12,"column":28}},"loc":{"start":{"line":12,"column":46},"end":{"line":19,"column":5}},"line":12},"2":{"name":"(anonymous_2)","decl":{"start":{"line":20,"column":24},"end":{"line":20,"column":25}},"loc":{"start":{"line":20,"column":44},"end":{"line":24,"column":5}},"line":20},"3":{"name":"(anonymous_3)","decl":{"start":{"line":33,"column":27},"end":{"line":33,"column":28}},"loc":{"start":{"line":33,"column":36},"end":{"line":33,"column":64}},"line":33},"4":{"name":"(anonymous_4)","decl":{"start":{"line":34,"column":37},"end":{"line":34,"column":38}},"loc":{"start":{"line":34,"column":46},"end":{"line":34,"column":77}},"line":34}},"branchMap":{},"s":{"0":0,"1":1,"2":0,"3":2,"4":1,"5":2,"6":0},"f":{"0":0,"1":1,"2":0,"3":1,"4":0},"b":{},"_coverageSchema":"43e27e138ebf9cfc5966b082cf9a028302ed4184","hash":"c5346389978faec66bd0aa31e4e7ee31434d07db"},"/Users/henry/git/equinor/mad-project-hearing-test-client/app/store/tests/actions.js":{"path":"/Users/henry/git/equinor/mad-project-hearing-test-client/app/store/tests/actions.js","statementMap":{"0":{"start":{"line":3,"column":26},"end":{"line":3,"column":53}},"1":{"start":{"line":4,"column":35},"end":{"line":4,"column":72}},"2":{"start":{"line":5,"column":35},"end":{"line":5,"column":72}},"3":{"start":{"line":6,"column":32},"end":{"line":6,"column":66}}},"fnMap":{},"branchMap":{},"s":{"0":2,"1":2,"2":2,"3":2},"f":{},"b":{},"_coverageSchema":"43e27e138ebf9cfc5966b082cf9a028302ed4184","hash":"e45d7bb7de4b1a357edb1021787d992d9ec351f7"},"/Users/henry/git/equinor/mad-project-hearing-test-client/app/store/auth/sagas/authFlow.js":{"path":"/Users/henry/git/equinor/mad-project-hearing-test-client/app/store/auth/sagas/authFlow.js","statementMap":{"0":{"start":{"line":16,"column":24},"end":{"line":23,"column":1}},"1":{"start":{"line":17,"column":2},"end":{"line":22,"column":3}},"2":{"start":{"line":19,"column":6},"end":{"line":19,"column":18}},"3":{"start":{"line":21,"column":6},"end":{"line":21,"column":31}},"4":{"start":{"line":26,"column":2},"end":{"line":26,"column":21}},"5":{"start":{"line":28,"column":2},"end":{"line":28,"column":34}},"6":{"start":{"line":32,"column":2},"end":{"line":32,"column":38}},"7":{"start":{"line":33,"column":2},"end":{"line":33,"column":19}},"8":{"start":{"line":35,"column":17},"end":{"line":35,"column":33}},"9":{"start":{"line":36,"column":23},"end":{"line":36,"column":57}},"10":{"start":{"line":37,"column":26},"end":{"line":37,"column":54}},"11":{"start":{"line":41,"column":2},"end":{"line":71,"column":3}},"12":{"start":{"line":42,"column":4},"end":{"line":48,"column":5}},"13":{"start":{"line":43,"column":6},"end":{"line":43,"column":66}},"14":{"start":{"line":44,"column":11},"end":{"line":48,"column":5}},"15":{"start":{"line":45,"column":6},"end":{"line":45,"column":58}},"16":{"start":{"line":47,"column":6},"end":{"line":47,"column":47}},"17":{"start":{"line":49,"column":25},"end":{"line":49,"column":35}},"18":{"start":{"line":51,"column":4},"end":{"line":51,"column":52}},"19":{"start":{"line":53,"column":4},"end":{"line":53,"column":48}},"20":{"start":{"line":55,"column":4},"end":{"line":69,"column":5}},"21":{"start":{"line":57,"column":6},"end":{"line":64,"column":7}},"22":{"start":{"line":58,"column":8},"end":{"line":58,"column":40}},"23":{"start":{"line":59,"column":13},"end":{"line":64,"column":7}},"24":{"start":{"line":60,"column":8},"end":{"line":60,"column":32}},"25":{"start":{"line":61,"column":13},"end":{"line":64,"column":7}},"26":{"start":{"line":62,"column":22},"end":{"line":62,"column":46}},"27":{"start":{"line":63,"column":8},"end":{"line":63,"column":46}},"28":{"start":{"line":65,"column":11},"end":{"line":69,"column":5}},"29":{"start":{"line":66,"column":6},"end":{"line":66,"column":39}},"30":{"start":{"line":68,"column":6},"end":{"line":68,"column":38}},"31":{"start":{"line":70,"column":4},"end":{"line":70,"column":13}}},"fnMap":{"0":{"name":"(anonymous_0)","decl":{"start":{"line":16,"column":24},"end":{"line":16,"column":25}},"loc":{"start":{"line":16,"column":32},"end":{"line":23,"column":1}},"line":16},"1":{"name":"signOutFlow","decl":{"start":{"line":25,"column":17},"end":{"line":25,"column":28}},"loc":{"start":{"line":25,"column":31},"end":{"line":29,"column":1}},"line":25},"2":{"name":"signInFlow","decl":{"start":{"line":31,"column":17},"end":{"line":31,"column":27}},"loc":{"start":{"line":31,"column":36},"end":{"line":72,"column":1}},"line":31}},"branchMap":{"0":{"loc":{"start":{"line":17,"column":2},"end":{"line":22,"column":3}},"type":"switch","locations":[{"start":{"line":18,"column":4},"end":{"line":19,"column":18}},{"start":{"line":20,"column":4},"end":{"line":21,"column":31}}],"line":17},"1":{"loc":{"start":{"line":42,"column":4},"end":{"line":48,"column":5}},"type":"if","locations":[{"start":{"line":42,"column":4},"end":{"line":48,"column":5}},{"start":{"line":42,"column":4},"end":{"line":48,"column":5}}],"line":42},"2":{"loc":{"start":{"line":42,"column":8},"end":{"line":42,"column":33}},"type":"binary-expr","locations":[{"start":{"line":42,"column":8},"end":{"line":42,"column":23}},{"start":{"line":42,"column":27},"end":{"line":42,"column":33}}],"line":42},"3":{"loc":{"start":{"line":44,"column":11},"end":{"line":48,"column":5}},"type":"if","locations":[{"start":{"line":44,"column":11},"end":{"line":48,"column":5}},{"start":{"line":44,"column":11},"end":{"line":48,"column":5}}],"line":44},"4":{"loc":{"start":{"line":55,"column":4},"end":{"line":69,"column":5}},"type":"if","locations":[{"start":{"line":55,"column":4},"end":{"line":69,"column":5}},{"start":{"line":55,"column":4},"end":{"line":69,"column":5}}],"line":55},"5":{"loc":{"start":{"line":57,"column":6},"end":{"line":64,"column":7}},"type":"if","locations":[{"start":{"line":57,"column":6},"end":{"line":64,"column":7}},{"start":{"line":57,"column":6},"end":{"line":64,"column":7}}],"line":57},"6":{"loc":{"start":{"line":59,"column":13},"end":{"line":64,"column":7}},"type":"if","locations":[{"start":{"line":59,"column":13},"end":{"line":64,"column":7}},{"start":{"line":59,"column":13},"end":{"line":64,"column":7}}],"line":59},"7":{"loc":{"start":{"line":59,"column":17},"end":{"line":59,"column":70}},"type":"binary-expr","locations":[{"start":{"line":59,"column":17},"end":{"line":59,"column":32}},{"start":{"line":59,"column":37},"end":{"line":59,"column":51}},{"start":{"line":59,"column":55},"end":{"line":59,"column":69}}],"line":59},"8":{"loc":{"start":{"line":61,"column":13},"end":{"line":64,"column":7}},"type":"if","locations":[{"start":{"line":61,"column":13},"end":{"line":64,"column":7}},{"start":{"line":61,"column":13},"end":{"line":64,"column":7}}],"line":61},"9":{"loc":{"start":{"line":65,"column":11},"end":{"line":69,"column":5}},"type":"if","locations":[{"start":{"line":65,"column":11},"end":{"line":69,"column":5}},{"start":{"line":65,"column":11},"end":{"line":69,"column":5}}],"line":65}},"s":{"0":1,"1":0,"2":0,"3":0,"4":1,"5":1,"6":4,"7":4,"8":4,"9":4,"10":4,"11":4,"12":4,"13":2,"14":2,"15":1,"16":1,"17":4,"18":4,"19":3,"20":1,"21":0,"22":0,"23":0,"24":0,"25":0,"26":0,"27":0,"28":1,"29":0,"30":1,"31":0},"f":{"0":0,"1":1,"2":4},"b":{"0":[0,0],"1":[2,2],"2":[4,3],"3":[1,1],"4":[0,1],"5":[0,0],"6":[0,0],"7":[0,0,0],"8":[0,0],"9":[0,1]},"_coverageSchema":"43e27e138ebf9cfc5966b082cf9a028302ed4184","hash":"d4689c96d12954fcbb89853e7a18fe021348092a"},"/Users/henry/git/equinor/mad-project-hearing-test-client/app/services/adal.js":{"path":"/Users/henry/git/equinor/mad-project-hearing-test-client/app/services/adal.js","statementMap":{"0":{"start":{"line":7,"column":33},"end":{"line":18,"column":1}},"1":{"start":{"line":8,"column":22},"end":{"line":8,"column":71}},"2":{"start":{"line":9,"column":2},"end":{"line":17,"column":4}},"3":{"start":{"line":10,"column":4},"end":{"line":16,"column":14}},"4":{"start":{"line":11,"column":6},"end":{"line":15,"column":7}},"5":{"start":{"line":12,"column":8},"end":{"line":12,"column":63}},"6":{"start":{"line":14,"column":8},"end":{"line":14,"column":29}},"7":{"start":{"line":20,"column":23},"end":{"line":20,"column":49}},"8":{"start":{"line":22,"column":25},"end":{"line":22,"column":55}},"9":{"start":{"line":22,"column":31},"end":{"line":22,"column":55}},"10":{"start":{"line":25,"column":2},"end":{"line":29,"column":5}},"11":{"start":{"line":26,"column":18},"end":{"line":26,"column":54}},"12":{"start":{"line":27,"column":19},"end":{"line":27,"column":75}},"13":{"start":{"line":27,"column":41},"end":{"line":27,"column":74}},"14":{"start":{"line":28,"column":4},"end":{"line":28,"column":80}},"15":{"start":{"line":28,"column":42},"end":{"line":28,"column":77}},"16":{"start":{"line":33,"column":2},"end":{"line":51,"column":4}},"17":{"start":{"line":34,"column":4},"end":{"line":50,"column":8}},"18":{"start":{"line":35,"column":23},"end":{"line":35,"column":53}},"19":{"start":{"line":37,"column":22},"end":{"line":44,"column":9}},"20":{"start":{"line":43,"column":18},"end":{"line":43,"column":33}},"21":{"start":{"line":45,"column":8},"end":{"line":49,"column":9}},"22":{"start":{"line":46,"column":10},"end":{"line":46,"column":19}},"23":{"start":{"line":48,"column":10},"end":{"line":48,"column":25}},"24":{"start":{"line":55,"column":2},"end":{"line":55,"column":27}},"25":{"start":{"line":56,"column":2},"end":{"line":56,"column":25}},"26":{"start":{"line":57,"column":2},"end":{"line":57,"column":23}},"27":{"start":{"line":61,"column":23},"end":{"line":61,"column":73}},"28":{"start":{"line":62,"column":2},"end":{"line":89,"column":7}},"29":{"start":{"line":64,"column":6},"end":{"line":79,"column":7}},"30":{"start":{"line":66,"column":10},"end":{"line":77,"column":11}},"31":{"start":{"line":68,"column":14},"end":{"line":76,"column":16}},"32":{"start":{"line":69,"column":16},"end":{"line":75,"column":41}},"33":{"start":{"line":82,"column":6},"end":{"line":88,"column":7}},"34":{"start":{"line":85,"column":10},"end":{"line":85,"column":65}},"35":{"start":{"line":87,"column":10},"end":{"line":87,"column":20}},"36":{"start":{"line":93,"column":23},"end":{"line":93,"column":73}},"37":{"start":{"line":94,"column":2},"end":{"line":117,"column":7}},"38":{"start":{"line":96,"column":6},"end":{"line":107,"column":7}},"39":{"start":{"line":98,"column":10},"end":{"line":105,"column":11}},"40":{"start":{"line":100,"column":14},"end":{"line":104,"column":16}},"41":{"start":{"line":101,"column":16},"end":{"line":103,"column":41}},"42":{"start":{"line":110,"column":6},"end":{"line":116,"column":7}},"43":{"start":{"line":113,"column":10},"end":{"line":113,"column":65}},"44":{"start":{"line":115,"column":10},"end":{"line":115,"column":20}},"45":{"start":{"line":121,"column":2},"end":{"line":128,"column":28}},"46":{"start":{"line":123,"column":6},"end":{"line":125,"column":7}}},"fnMap":{"0":{"name":"(anonymous_0)","decl":{"start":{"line":7,"column":33},"end":{"line":7,"column":34}},"loc":{"start":{"line":7,"column":39},"end":{"line":18,"column":1}},"line":7},"1":{"name":"(anonymous_1)","decl":{"start":{"line":9,"column":21},"end":{"line":9,"column":22}},"loc":{"start":{"line":10,"column":4},"end":{"line":16,"column":14}},"line":10},"2":{"name":"(anonymous_2)","decl":{"start":{"line":10,"column":44},"end":{"line":10,"column":45}},"loc":{"start":{"line":10,"column":53},"end":{"line":16,"column":5}},"line":10},"3":{"name":"(anonymous_3)","decl":{"start":{"line":22,"column":25},"end":{"line":22,"column":26}},"loc":{"start":{"line":22,"column":31},"end":{"line":22,"column":55}},"line":22},"4":{"name":"clearAllTokens","decl":{"start":{"line":24,"column":9},"end":{"line":24,"column":23}},"loc":{"start":{"line":24,"column":26},"end":{"line":30,"column":1}},"line":24},"5":{"name":"(anonymous_5)","decl":{"start":{"line":25,"column":29},"end":{"line":25,"column":30}},"loc":{"start":{"line":25,"column":46},"end":{"line":29,"column":3}},"line":25},"6":{"name":"(anonymous_6)","decl":{"start":{"line":27,"column":33},"end":{"line":27,"column":34}},"loc":{"start":{"line":27,"column":41},"end":{"line":27,"column":74}},"line":27},"7":{"name":"(anonymous_7)","decl":{"start":{"line":28,"column":34},"end":{"line":28,"column":35}},"loc":{"start":{"line":28,"column":42},"end":{"line":28,"column":77}},"line":28},"8":{"name":"getRefreshToken","decl":{"start":{"line":32,"column":16},"end":{"line":32,"column":31}},"loc":{"start":{"line":32,"column":34},"end":{"line":52,"column":1}},"line":32},"9":{"name":"(anonymous_9)","decl":{"start":{"line":33,"column":21},"end":{"line":33,"column":22}},"loc":{"start":{"line":34,"column":4},"end":{"line":50,"column":8}},"line":34},"10":{"name":"(anonymous_10)","decl":{"start":{"line":35,"column":12},"end":{"line":35,"column":13}},"loc":{"start":{"line":35,"column":23},"end":{"line":35,"column":53}},"line":35},"11":{"name":"(anonymous_11)","decl":{"start":{"line":36,"column":12},"end":{"line":36,"column":13}},"loc":{"start":{"line":36,"column":27},"end":{"line":50,"column":7}},"line":36},"12":{"name":"(anonymous_12)","decl":{"start":{"line":43,"column":10},"end":{"line":43,"column":11}},"loc":{"start":{"line":43,"column":18},"end":{"line":43,"column":33}},"line":43},"13":{"name":"AdalError","decl":{"start":{"line":54,"column":16},"end":{"line":54,"column":25}},"loc":{"start":{"line":54,"column":49},"end":{"line":58,"column":1}},"line":54},"14":{"name":"authenticate","decl":{"start":{"line":60,"column":16},"end":{"line":60,"column":28}},"loc":{"start":{"line":60,"column":40},"end":{"line":90,"column":1}},"line":60},"15":{"name":"(anonymous_15)","decl":{"start":{"line":63,"column":10},"end":{"line":63,"column":11}},"loc":{"start":{"line":64,"column":6},"end":{"line":79,"column":7}},"line":64},"16":{"name":"(anonymous_16)","decl":{"start":{"line":65,"column":8},"end":{"line":65,"column":9}},"loc":{"start":{"line":66,"column":10},"end":{"line":77,"column":11}},"line":66},"17":{"name":"(anonymous_17)","decl":{"start":{"line":67,"column":12},"end":{"line":67,"column":13}},"loc":{"start":{"line":68,"column":14},"end":{"line":76,"column":16}},"line":68},"18":{"name":"(anonymous_18)","decl":{"start":{"line":68,"column":26},"end":{"line":68,"column":27}},"loc":{"start":{"line":68,"column":47},"end":{"line":76,"column":15}},"line":68},"19":{"name":"(anonymous_19)","decl":{"start":{"line":81,"column":11},"end":{"line":81,"column":12}},"loc":{"start":{"line":81,"column":18},"end":{"line":89,"column":5}},"line":81},"20":{"name":"authenticateSilently","decl":{"start":{"line":92,"column":16},"end":{"line":92,"column":36}},"loc":{"start":{"line":92,"column":48},"end":{"line":118,"column":1}},"line":92},"21":{"name":"(anonymous_21)","decl":{"start":{"line":95,"column":10},"end":{"line":95,"column":11}},"loc":{"start":{"line":96,"column":6},"end":{"line":107,"column":7}},"line":96},"22":{"name":"(anonymous_22)","decl":{"start":{"line":97,"column":8},"end":{"line":97,"column":9}},"loc":{"start":{"line":98,"column":10},"end":{"line":105,"column":11}},"line":98},"23":{"name":"(anonymous_23)","decl":{"start":{"line":99,"column":12},"end":{"line":99,"column":13}},"loc":{"start":{"line":100,"column":14},"end":{"line":104,"column":16}},"line":100},"24":{"name":"(anonymous_24)","decl":{"start":{"line":100,"column":26},"end":{"line":100,"column":27}},"loc":{"start":{"line":100,"column":47},"end":{"line":104,"column":15}},"line":100},"25":{"name":"(anonymous_25)","decl":{"start":{"line":109,"column":11},"end":{"line":109,"column":12}},"loc":{"start":{"line":109,"column":18},"end":{"line":117,"column":5}},"line":109},"26":{"name":"logout","decl":{"start":{"line":120,"column":16},"end":{"line":120,"column":22}},"loc":{"start":{"line":120,"column":25},"end":{"line":129,"column":1}},"line":120},"27":{"name":"(anonymous_27)","decl":{"start":{"line":122,"column":10},"end":{"line":122,"column":11}},"loc":{"start":{"line":123,"column":6},"end":{"line":125,"column":7}},"line":123}},"branchMap":{"0":{"loc":{"start":{"line":11,"column":6},"end":{"line":15,"column":7}},"type":"if","locations":[{"start":{"line":11,"column":6},"end":{"line":15,"column":7}},{"start":{"line":11,"column":6},"end":{"line":15,"column":7}}],"line":11},"1":{"loc":{"start":{"line":45,"column":8},"end":{"line":49,"column":9}},"type":"if","locations":[{"start":{"line":45,"column":8},"end":{"line":49,"column":9}},{"start":{"line":45,"column":8},"end":{"line":49,"column":9}}],"line":45},"2":{"loc":{"start":{"line":61,"column":23},"end":{"line":61,"column":73}},"type":"cond-expr","locations":[{"start":{"line":61,"column":50},"end":{"line":61,"column":59}},{"start":{"line":61,"column":62},"end":{"line":61,"column":73}}],"line":61},"3":{"loc":{"start":{"line":82,"column":6},"end":{"line":88,"column":7}},"type":"switch","locations":[{"start":{"line":83,"column":8},"end":{"line":83,"column":43}},{"start":{"line":84,"column":8},"end":{"line":85,"column":65}},{"start":{"line":86,"column":8},"end":{"line":87,"column":20}}],"line":82},"4":{"loc":{"start":{"line":93,"column":23},"end":{"line":93,"column":73}},"type":"cond-expr","locations":[{"start":{"line":93,"column":50},"end":{"line":93,"column":59}},{"start":{"line":93,"column":62},"end":{"line":93,"column":73}}],"line":93},"5":{"loc":{"start":{"line":110,"column":6},"end":{"line":116,"column":7}},"type":"switch","locations":[{"start":{"line":111,"column":8},"end":{"line":111,"column":43}},{"start":{"line":112,"column":8},"end":{"line":113,"column":65}},{"start":{"line":114,"column":8},"end":{"line":115,"column":20}}],"line":110}},"s":{"0":1,"1":1,"2":1,"3":1,"4":0,"5":0,"6":0,"7":1,"8":1,"9":0,"10":0,"11":0,"12":0,"13":0,"14":0,"15":0,"16":0,"17":0,"18":0,"19":0,"20":0,"21":0,"22":0,"23":0,"24":0,"25":0,"26":0,"27":0,"28":0,"29":0,"30":0,"31":0,"32":0,"33":0,"34":0,"35":0,"36":0,"37":0,"38":0,"39":0,"40":0,"41":0,"42":0,"43":0,"44":0,"45":0,"46":0},"f":{"0":1,"1":1,"2":0,"3":0,"4":0,"5":0,"6":0,"7":0,"8":0,"9":0,"10":0,"11":0,"12":0,"13":0,"14":0,"15":0,"16":0,"17":0,"18":0,"19":0,"20":0,"21":0,"22":0,"23":0,"24":0,"25":0,"26":0,"27":0},"b":{"0":[0,0],"1":[0,0],"2":[0,0],"3":[0,0,0],"4":[0,0],"5":[0,0,0]},"_coverageSchema":"43e27e138ebf9cfc5966b082cf9a028302ed4184","hash":"0b29e439259c54e1e6b2fa81ca8aad5fde6b1227"},"/Users/henry/git/equinor/mad-project-hearing-test-client/app/settings.js":{"path":"/Users/henry/git/equinor/mad-project-hearing-test-client/app/settings.js","statementMap":{"0":{"start":{"line":14,"column":27},"end":{"line":14,"column":50}},"1":{"start":{"line":14,"column":35},"end":{"line":14,"column":50}},"2":{"start":{"line":16,"column":38},"end":{"line":16,"column":66}},"3":{"start":{"line":16,"column":44},"end":{"line":16,"column":66}}},"fnMap":{"0":{"name":"(anonymous_0)","decl":{"start":{"line":14,"column":27},"end":{"line":14,"column":28}},"loc":{"start":{"line":14,"column":35},"end":{"line":14,"column":50}},"line":14},"1":{"name":"(anonymous_1)","decl":{"start":{"line":16,"column":38},"end":{"line":16,"column":39}},"loc":{"start":{"line":16,"column":44},"end":{"line":16,"column":66}},"line":16}},"branchMap":{},"s":{"0":1,"1":0,"2":1,"3":1},"f":{"0":0,"1":1},"b":{},"_coverageSchema":"43e27e138ebf9cfc5966b082cf9a028302ed4184","hash":"6032d1aab374d56cdf04a0a26c0fdfad67fee63c"},"/Users/henry/git/equinor/mad-project-hearing-test-client/app/services/adalErrorCodes.js":{"path":"/Users/henry/git/equinor/mad-project-hearing-test-client/app/services/adalErrorCodes.js","statementMap":{},"fnMap":{},"branchMap":{},"s":{},"f":{},"b":{},"_coverageSchema":"43e27e138ebf9cfc5966b082cf9a028302ed4184","hash":"9505152db3a2dda7f681a1cf1bcfe54c53983bc7"},"/Users/henry/git/equinor/mad-project-hearing-test-client/app/store/connectivity/index.js":{"path":"/Users/henry/git/equinor/mad-project-hearing-test-client/app/store/connectivity/index.js","statementMap":{},"fnMap":{},"branchMap":{},"s":{},"f":{},"b":{},"_coverageSchema":"43e27e138ebf9cfc5966b082cf9a028302ed4184","hash":"2ccd4839026af0210b51c675d2028a11d84764d4"},"/Users/henry/git/equinor/mad-project-hearing-test-client/app/store/auth/sagas/rehydrateUserStore.js":{"path":"/Users/henry/git/equinor/mad-project-hearing-test-client/app/store/auth/sagas/rehydrateUserStore.js","statementMap":{"0":{"start":{"line":5,"column":19},"end":{"line":5,"column":21}},"1":{"start":{"line":8,"column":21},"end":{"line":8,"column":37}},"2":{"start":{"line":9,"column":18},"end":{"line":9,"column":40}},"3":{"start":{"line":11,"column":15},"end":{"line":11,"column":59}},"4":{"start":{"line":13,"column":20},"end":{"line":13,"column":55}},"5":{"start":{"line":16,"column":2},"end":{"line":18,"column":5}},"6":{"start":{"line":17,"column":4},"end":{"line":17,"column":28}},"7":{"start":{"line":20,"column":2},"end":{"line":26,"column":3}},"8":{"start":{"line":21,"column":4},"end":{"line":21,"column":57}},"9":{"start":{"line":22,"column":4},"end":{"line":22,"column":47}},"10":{"start":{"line":24,"column":4},"end":{"line":24,"column":33}},"11":{"start":{"line":25,"column":4},"end":{"line":25,"column":47}}},"fnMap":{"0":{"name":"rehydrateUserStore","decl":{"start":{"line":7,"column":25},"end":{"line":7,"column":43}},"loc":{"start":{"line":7,"column":52},"end":{"line":27,"column":1}},"line":7},"1":{"name":"(anonymous_1)","decl":{"start":{"line":16,"column":34},"end":{"line":16,"column":35}},"loc":{"start":{"line":16,"column":41},"end":{"line":18,"column":3}},"line":16}},"branchMap":{"0":{"loc":{"start":{"line":20,"column":2},"end":{"line":26,"column":3}},"type":"if","locations":[{"start":{"line":20,"column":2},"end":{"line":26,"column":3}},{"start":{"line":20,"column":2},"end":{"line":26,"column":3}}],"line":20}},"s":{"0":1,"1":0,"2":0,"3":0,"4":0,"5":0,"6":0,"7":0,"8":0,"9":0,"10":0,"11":0},"f":{"0":0,"1":0},"b":{"0":[0,0]},"_coverageSchema":"43e27e138ebf9cfc5966b082cf9a028302ed4184","hash":"ee061692045a24d36174f21fd5a1083250b4e599"},"/Users/henry/git/equinor/mad-project-hearing-test-client/app/store/config/index.js":{"path":"/Users/henry/git/equinor/mad-project-hearing-test-client/app/store/config/index.js","statementMap":{"0":{"start":{"line":13,"column":23},"end":{"line":13,"column":45}},"1":{"start":{"line":15,"column":18},"end":{"line":15,"column":63}},"2":{"start":{"line":17,"column":14},"end":{"line":21,"column":1}},"3":{"start":{"line":23,"column":0},"end":{"line":26,"column":3}},"4":{"start":{"line":28,"column":0},"end":{"line":28,"column":26}},"5":{"start":{"line":31,"column":21},"end":{"line":35,"column":1}},"6":{"start":{"line":32,"column":2},"end":{"line":34,"column":3}},"7":{"start":{"line":37,"column":0},"end":{"line":37,"column":50}},"8":{"start":{"line":41,"column":36},"end":{"line":45,"column":2}},"9":{"start":{"line":41,"column":48},"end":{"line":45,"column":1}},"10":{"start":{"line":47,"column":33},"end":{"line":56,"column":4}},"11":{"start":{"line":48,"column":2},"end":{"line":56,"column":4}},"12":{"start":{"line":49,"column":4},"end":{"line":55,"column":7}},"13":{"start":{"line":50,"column":6},"end":{"line":54,"column":7}},"14":{"start":{"line":51,"column":8},"end":{"line":51,"column":20}},"15":{"start":{"line":53,"column":8},"end":{"line":53,"column":31}}},"fnMap":{"0":{"name":"(anonymous_0)","decl":{"start":{"line":31,"column":21},"end":{"line":31,"column":22}},"loc":{"start":{"line":31,"column":37},"end":{"line":35,"column":1}},"line":31},"1":{"name":"(anonymous_1)","decl":{"start":{"line":41,"column":36},"end":{"line":41,"column":37}},"loc":{"start":{"line":41,"column":48},"end":{"line":45,"column":1}},"line":41},"2":{"name":"(anonymous_2)","decl":{"start":{"line":47,"column":33},"end":{"line":47,"column":34}},"loc":{"start":{"line":48,"column":2},"end":{"line":56,"column":4}},"line":48},"3":{"name":"(anonymous_3)","decl":{"start":{"line":48,"column":14},"end":{"line":48,"column":15}},"loc":{"start":{"line":48,"column":35},"end":{"line":56,"column":3}},"line":48},"4":{"name":"(anonymous_4)","decl":{"start":{"line":49,"column":27},"end":{"line":49,"column":28}},"loc":{"start":{"line":49,"column":51},"end":{"line":55,"column":5}},"line":49}},"branchMap":{"0":{"loc":{"start":{"line":32,"column":2},"end":{"line":34,"column":3}},"type":"if","locations":[{"start":{"line":32,"column":2},"end":{"line":34,"column":3}},{"start":{"line":32,"column":2},"end":{"line":34,"column":3}}],"line":32},"1":{"loc":{"start":{"line":50,"column":6},"end":{"line":54,"column":7}},"type":"if","locations":[{"start":{"line":50,"column":6},"end":{"line":54,"column":7}},{"start":{"line":50,"column":6},"end":{"line":54,"column":7}}],"line":50}},"s":{"0":1,"1":1,"2":1,"3":1,"4":1,"5":1,"6":0,"7":1,"8":1,"9":0,"10":1,"11":0,"12":0,"13":0,"14":0,"15":0},"f":{"0":0,"1":0,"2":0,"3":0,"4":0},"b":{"0":[0,0],"1":[0,0]},"_coverageSchema":"43e27e138ebf9cfc5966b082cf9a028302ed4184","hash":"24e6087705cb66747d758650161e33fe48617620"},"/Users/henry/git/equinor/mad-project-hearing-test-client/app/store/config/rootReducer.js":{"path":"/Users/henry/git/equinor/mad-project-hearing-test-client/app/store/config/rootReducer.js","statementMap":{},"fnMap":{},"branchMap":{},"s":{},"f":{},"b":{},"_coverageSchema":"43e27e138ebf9cfc5966b082cf9a028302ed4184","hash":"df8dd49b89f6b392ffbcbdcd89a5244962ca5034"},"/Users/henry/git/equinor/mad-project-hearing-test-client/app/store/manifest.js":{"path":"/Users/henry/git/equinor/mad-project-hearing-test-client/app/store/manifest.js","statementMap":{"0":{"start":{"line":1,"column":24},"end":{"line":4,"column":1}},"1":{"start":{"line":3,"column":14},"end":{"line":3,"column":19}},"2":{"start":{"line":6,"column":43},"end":{"line":6,"column":48}}},"fnMap":{"0":{"name":"(anonymous_0)","decl":{"start":{"line":3,"column":5},"end":{"line":3,"column":6}},"loc":{"start":{"line":3,"column":14},"end":{"line":3,"column":19}},"line":3},"1":{"name":"(anonymous_1)","decl":{"start":{"line":6,"column":15},"end":{"line":6,"column":16}},"loc":{"start":{"line":6,"column":43},"end":{"line":6,"column":48}},"line":6}},"branchMap":{"0":{"loc":{"start":{"line":6,"column":16},"end":{"line":6,"column":38}},"type":"default-arg","locations":[{"start":{"line":6,"column":24},"end":{"line":6,"column":38}}],"line":6}},"s":{"0":1,"1":0,"2":3},"f":{"0":0,"1":3},"b":{"0":[3]},"_coverageSchema":"43e27e138ebf9cfc5966b082cf9a028302ed4184","hash":"0e95de760ae12e444b67a0664cdd45404c686545"},"/Users/henry/git/equinor/mad-project-hearing-test-client/app/store/toast/reducer.js":{"path":"/Users/henry/git/equinor/mad-project-hearing-test-client/app/store/toast/reducer.js","statementMap":{"0":{"start":{"line":6,"column":36},"end":{"line":8,"column":5}},"1":{"start":{"line":13,"column":24},"end":{"line":13,"column":52}},"2":{"start":{"line":13,"column":33},"end":{"line":13,"column":52}}},"fnMap":{"0":{"name":"(anonymous_0)","decl":{"start":{"line":6,"column":16},"end":{"line":6,"column":17}},"loc":{"start":{"line":6,"column":36},"end":{"line":8,"column":5}},"line":6},"1":{"name":"(anonymous_1)","decl":{"start":{"line":13,"column":24},"end":{"line":13,"column":25}},"loc":{"start":{"line":13,"column":33},"end":{"line":13,"column":52}},"line":13}},"branchMap":{},"s":{"0":0,"1":1,"2":0},"f":{"0":0,"1":0},"b":{},"_coverageSchema":"43e27e138ebf9cfc5966b082cf9a028302ed4184","hash":"8b6b4c4e54052a14a6fd852ac3bc8e5679b78d29"},"/Users/henry/git/equinor/mad-project-hearing-test-client/app/store/toast/actions.js":{"path":"/Users/henry/git/equinor/mad-project-hearing-test-client/app/store/toast/actions.js","statementMap":{"0":{"start":{"line":3,"column":24},"end":{"line":7,"column":3}},"1":{"start":{"line":3,"column":76},"end":{"line":7,"column":1}}},"fnMap":{"0":{"name":"(anonymous_0)","decl":{"start":{"line":3,"column":50},"end":{"line":3,"column":51}},"loc":{"start":{"line":3,"column":76},"end":{"line":7,"column":1}},"line":3}},"branchMap":{"0":{"loc":{"start":{"line":3,"column":57},"end":{"line":3,"column":70}},"type":"default-arg","locations":[{"start":{"line":3,"column":64},"end":{"line":3,"column":70}}],"line":3}},"s":{"0":1,"1":0},"f":{"0":0},"b":{"0":[0]},"_coverageSchema":"43e27e138ebf9cfc5966b082cf9a028302ed4184","hash":"58ec56c224ee7dfaf3764257a2ee241640d9b5ee"},"/Users/henry/git/equinor/mad-project-hearing-test-client/app/store/config/rootSaga.js":{"path":"/Users/henry/git/equinor/mad-project-hearing-test-client/app/store/config/rootSaga.js","statementMap":{"0":{"start":{"line":7,"column":13},"end":{"line":17,"column":1}},"1":{"start":{"line":8,"column":2},"end":{"line":16,"column":4}}},"fnMap":{"0":{"name":"rootSaga","decl":{"start":{"line":7,"column":23},"end":{"line":7,"column":31}},"loc":{"start":{"line":7,"column":34},"end":{"line":17,"column":1}},"line":7}},"branchMap":{},"s":{"0":1,"1":1},"f":{"0":1},"b":{},"_coverageSchema":"43e27e138ebf9cfc5966b082cf9a028302ed4184","hash":"b77cf419044db51e8c19efedb7b9b1bee9f26f78"},"/Users/henry/git/equinor/mad-project-hearing-test-client/app/store/auth/sagas/index.js":{"path":"/Users/henry/git/equinor/mad-project-hearing-test-client/app/store/auth/sagas/index.js","statementMap":{"0":{"start":{"line":8,"column":2},"end":{"line":8,"column":99}},"1":{"start":{"line":11,"column":2},"end":{"line":22,"column":3}},"2":{"start":{"line":12,"column":4},"end":{"line":21,"column":5}},"3":{"start":{"line":13,"column":26},"end":{"line":13,"column":56}},"4":{"start":{"line":14,"column":6},"end":{"line":14,"column":42}},"5":{"start":{"line":16,"column":28},"end":{"line":16,"column":65}},"6":{"start":{"line":18,"column":6},"end":{"line":18,"column":45}}},"fnMap":{"0":{"name":"watchAuthentication","decl":{"start":{"line":10,"column":25},"end":{"line":10,"column":44}},"loc":{"start":{"line":10,"column":47},"end":{"line":23,"column":1}},"line":10}},"branchMap":{"0":{"loc":{"start":{"line":8,"column":2},"end":{"line":8,"column":99}},"type":"cond-expr","locations":[{"start":{"line":8,"column":48},"end":{"line":8,"column":75}},{"start":{"line":8,"column":78},"end":{"line":8,"column":99}}],"line":8},"1":{"loc":{"start":{"line":8,"column":2},"end":{"line":8,"column":45}},"type":"binary-expr","locations":[{"start":{"line":8,"column":2},"end":{"line":8,"column":16}},{"start":{"line":8,"column":20},"end":{"line":8,"column":45}}],"line":8}},"s":{"0":1,"1":1,"2":1,"3":1,"4":0,"5":0,"6":0},"f":{"0":1},"b":{"0":[0,1],"1":[1,0]},"_coverageSchema":"43e27e138ebf9cfc5966b082cf9a028302ed4184","hash":"2b0f9768ff6e952bd964caa8240e847fcfe2c981"},"/Users/henry/git/equinor/mad-project-hearing-test-client/app/mock-config.js":{"path":"/Users/henry/git/equinor/mad-project-hearing-test-client/app/mock-config.js","statementMap":{},"fnMap":{},"branchMap":{},"s":{},"f":{},"b":{},"_coverageSchema":"43e27e138ebf9cfc5966b082cf9a028302ed4184","hash":"a4702ee7e18fd3e68ac046bcb949c9aeb6b1b9ac"},"/Users/henry/git/equinor/mad-project-hearing-test-client/app/store/changelog/saga.js":{"path":"/Users/henry/git/equinor/mad-project-hearing-test-client/app/store/changelog/saga.js","statementMap":{"0":{"start":{"line":6,"column":2},"end":{"line":14,"column":3}},"1":{"start":{"line":7,"column":4},"end":{"line":7,"column":49}},"2":{"start":{"line":8,"column":21},"end":{"line":8,"column":67}},"3":{"start":{"line":9,"column":4},"end":{"line":9,"column":57}},"4":{"start":{"line":13,"column":4},"end":{"line":13,"column":46}},"5":{"start":{"line":18,"column":2},"end":{"line":18,"column":70}}},"fnMap":{"0":{"name":"fetchChangelog","decl":{"start":{"line":5,"column":10},"end":{"line":5,"column":24}},"loc":{"start":{"line":5,"column":33},"end":{"line":15,"column":1}},"line":5},"1":{"name":"watchFetchChangelog","decl":{"start":{"line":17,"column":25},"end":{"line":17,"column":44}},"loc":{"start":{"line":17,"column":47},"end":{"line":19,"column":1}},"line":17}},"branchMap":{},"s":{"0":0,"1":0,"2":0,"3":0,"4":0,"5":1},"f":{"0":0,"1":1},"b":{},"_coverageSchema":"43e27e138ebf9cfc5966b082cf9a028302ed4184","hash":"127747549a52dabb30c01446fc3b87311da392c8"},"/Users/henry/git/equinor/mad-project-hearing-test-client/app/services/api/index.js":{"path":"/Users/henry/git/equinor/mad-project-hearing-test-client/app/services/api/index.js","statementMap":{"0":{"start":{"line":8,"column":0},"end":{"line":12,"column":1}},"1":{"start":{"line":9,"column":2},"end":{"line":11,"column":4}},"2":{"start":{"line":15,"column":2},"end":{"line":15,"column":95}}},"fnMap":{},"branchMap":{"0":{"loc":{"start":{"line":8,"column":0},"end":{"line":12,"column":1}},"type":"if","locations":[{"start":{"line":8,"column":0},"end":{"line":12,"column":1}},{"start":{"line":8,"column":0},"end":{"line":12,"column":1}}],"line":8},"1":{"loc":{"start":{"line":8,"column":4},"end":{"line":8,"column":66}},"type":"binary-expr","locations":[{"start":{"line":8,"column":4},"end":{"line":8,"column":18}},{"start":{"line":8,"column":22},"end":{"line":8,"column":47}},{"start":{"line":8,"column":51},"end":{"line":8,"column":66}}],"line":8},"2":{"loc":{"start":{"line":15,"column":2},"end":{"line":15,"column":95}},"type":"cond-expr","locations":[{"start":{"line":15,"column":37},"end":{"line":15,"column":68}},{"start":{"line":15,"column":71},"end":{"line":15,"column":95}}],"line":15},"3":{"loc":{"start":{"line":15,"column":2},"end":{"line":15,"column":34}},"type":"binary-expr","locations":[{"start":{"line":15,"column":2},"end":{"line":15,"column":16}},{"start":{"line":15,"column":20},"end":{"line":15,"column":34}}],"line":15}},"s":{"0":1,"1":0,"2":1},"f":{},"b":{"0":[0,1],"1":[1,0,0],"2":[0,1],"3":[1,0]},"_coverageSchema":"43e27e138ebf9cfc5966b082cf9a028302ed4184","hash":"011322331c4c98f3fdfceb56ce1ed876443572c4"},"/Users/henry/git/equinor/mad-project-hearing-test-client/app/services/api/api-methods.js":{"path":"/Users/henry/git/equinor/mad-project-hearing-test-client/app/services/api/api-methods.js","statementMap":{"0":{"start":{"line":6,"column":24},"end":{"line":6,"column":33}},"1":{"start":{"line":7,"column":20},"end":{"line":10,"column":1}},"2":{"start":{"line":12,"column":18},"end":{"line":12,"column":82}},"3":{"start":{"line":12,"column":38},"end":{"line":12,"column":82}},"4":{"start":{"line":15,"column":18},"end":{"line":33,"column":3}},"5":{"start":{"line":16,"column":2},"end":{"line":33,"column":3}},"6":{"start":{"line":17,"column":4},"end":{"line":32,"column":6}},"7":{"start":{"line":25,"column":6},"end":{"line":30,"column":7}},"8":{"start":{"line":26,"column":8},"end":{"line":28,"column":9}},"9":{"start":{"line":27,"column":10},"end":{"line":27,"column":33}},"10":{"start":{"line":29,"column":8},"end":{"line":29,"column":27}},"11":{"start":{"line":31,"column":6},"end":{"line":31,"column":71}},"12":{"start":{"line":35,"column":17},"end":{"line":51,"column":3}},"13":{"start":{"line":36,"column":2},"end":{"line":51,"column":3}},"14":{"start":{"line":37,"column":4},"end":{"line":50,"column":6}},"15":{"start":{"line":46,"column":6},"end":{"line":48,"column":7}},"16":{"start":{"line":47,"column":8},"end":{"line":47,"column":31}},"17":{"start":{"line":49,"column":6},"end":{"line":49,"column":71}},"18":{"start":{"line":53,"column":22},"end":{"line":62,"column":4}},"19":{"start":{"line":54,"column":2},"end":{"line":62,"column":4}},"20":{"start":{"line":58,"column":4},"end":{"line":60,"column":5}},"21":{"start":{"line":59,"column":6},"end":{"line":59,"column":29}},"22":{"start":{"line":61,"column":4},"end":{"line":61,"column":69}},"23":{"start":{"line":65,"column":2},"end":{"line":65,"column":64}},"24":{"start":{"line":68,"column":33},"end":{"line":68,"column":89}},"25":{"start":{"line":68,"column":39},"end":{"line":68,"column":89}},"26":{"start":{"line":70,"column":25},"end":{"line":70,"column":62}},"27":{"start":{"line":70,"column":31},"end":{"line":70,"column":62}},"28":{"start":{"line":72,"column":24},"end":{"line":72,"column":59}},"29":{"start":{"line":72,"column":32},"end":{"line":72,"column":59}},"30":{"start":{"line":74,"column":23},"end":{"line":74,"column":82}},"31":{"start":{"line":74,"column":29},"end":{"line":74,"column":82}},"32":{"start":{"line":76,"column":26},"end":{"line":76,"column":54}},"33":{"start":{"line":76,"column":32},"end":{"line":76,"column":54}}},"fnMap":{"0":{"name":"(anonymous_0)","decl":{"start":{"line":12,"column":18},"end":{"line":12,"column":19}},"loc":{"start":{"line":12,"column":38},"end":{"line":12,"column":82}},"line":12},"1":{"name":"(anonymous_1)","decl":{"start":{"line":15,"column":18},"end":{"line":15,"column":19}},"loc":{"start":{"line":16,"column":2},"end":{"line":33,"column":3}},"line":16},"2":{"name":"(anonymous_2)","decl":{"start":{"line":16,"column":38},"end":{"line":16,"column":39}},"loc":{"start":{"line":17,"column":4},"end":{"line":32,"column":6}},"line":17},"3":{"name":"(anonymous_3)","decl":{"start":{"line":24,"column":12},"end":{"line":24,"column":13}},"loc":{"start":{"line":24,"column":24},"end":{"line":32,"column":5}},"line":24},"4":{"name":"(anonymous_4)","decl":{"start":{"line":35,"column":17},"end":{"line":35,"column":18}},"loc":{"start":{"line":36,"column":2},"end":{"line":51,"column":3}},"line":36},"5":{"name":"(anonymous_5)","decl":{"start":{"line":36,"column":38},"end":{"line":36,"column":39}},"loc":{"start":{"line":37,"column":4},"end":{"line":50,"column":6}},"line":37},"6":{"name":"(anonymous_6)","decl":{"start":{"line":45,"column":12},"end":{"line":45,"column":13}},"loc":{"start":{"line":45,"column":24},"end":{"line":50,"column":5}},"line":45},"7":{"name":"(anonymous_7)","decl":{"start":{"line":53,"column":22},"end":{"line":53,"column":23}},"loc":{"start":{"line":54,"column":2},"end":{"line":62,"column":4}},"line":54},"8":{"name":"(anonymous_8)","decl":{"start":{"line":57,"column":10},"end":{"line":57,"column":11}},"loc":{"start":{"line":57,"column":22},"end":{"line":62,"column":3}},"line":57},"9":{"name":"getReleaseNote","decl":{"start":{"line":64,"column":16},"end":{"line":64,"column":30}},"loc":{"start":{"line":64,"column":40},"end":{"line":66,"column":1}},"line":64},"10":{"name":"(anonymous_10)","decl":{"start":{"line":68,"column":33},"end":{"line":68,"column":34}},"loc":{"start":{"line":68,"column":39},"end":{"line":68,"column":89}},"line":68},"11":{"name":"(anonymous_11)","decl":{"start":{"line":70,"column":25},"end":{"line":70,"column":26}},"loc":{"start":{"line":70,"column":31},"end":{"line":70,"column":62}},"line":70},"12":{"name":"(anonymous_12)","decl":{"start":{"line":72,"column":24},"end":{"line":72,"column":25}},"loc":{"start":{"line":72,"column":32},"end":{"line":72,"column":59}},"line":72},"13":{"name":"(anonymous_13)","decl":{"start":{"line":74,"column":23},"end":{"line":74,"column":24}},"loc":{"start":{"line":74,"column":29},"end":{"line":74,"column":82}},"line":74},"14":{"name":"(anonymous_14)","decl":{"start":{"line":76,"column":26},"end":{"line":76,"column":27}},"loc":{"start":{"line":76,"column":32},"end":{"line":76,"column":54}},"line":76}},"branchMap":{"0":{"loc":{"start":{"line":15,"column":25},"end":{"line":15,"column":51}},"type":"default-arg","locations":[{"start":{"line":15,"column":36},"end":{"line":15,"column":51}}],"line":15},"1":{"loc":{"start":{"line":15,"column":53},"end":{"line":15,"column":69}},"type":"default-arg","locations":[{"start":{"line":15,"column":65},"end":{"line":15,"column":69}}],"line":15},"2":{"loc":{"start":{"line":25,"column":6},"end":{"line":30,"column":7}},"type":"if","locations":[{"start":{"line":25,"column":6},"end":{"line":30,"column":7}},{"start":{"line":25,"column":6},"end":{"line":30,"column":7}}],"line":25},"3":{"loc":{"start":{"line":26,"column":8},"end":{"line":28,"column":9}},"type":"if","locations":[{"start":{"line":26,"column":8},"end":{"line":28,"column":9}},{"start":{"line":26,"column":8},"end":{"line":28,"column":9}}],"line":26},"4":{"loc":{"start":{"line":35,"column":30},"end":{"line":35,"column":45}},"type":"default-arg","locations":[{"start":{"line":35,"column":39},"end":{"line":35,"column":45}}],"line":35},"5":{"loc":{"start":{"line":35,"column":47},"end":{"line":35,"column":73}},"type":"default-arg","locations":[{"start":{"line":35,"column":58},"end":{"line":35,"column":73}}],"line":35},"6":{"loc":{"start":{"line":46,"column":6},"end":{"line":48,"column":7}},"type":"if","locations":[{"start":{"line":46,"column":6},"end":{"line":48,"column":7}},{"start":{"line":46,"column":6},"end":{"line":48,"column":7}}],"line":46},"7":{"loc":{"start":{"line":53,"column":29},"end":{"line":53,"column":55}},"type":"default-arg","locations":[{"start":{"line":53,"column":40},"end":{"line":53,"column":55}}],"line":53},"8":{"loc":{"start":{"line":58,"column":4},"end":{"line":60,"column":5}},"type":"if","locations":[{"start":{"line":58,"column":4},"end":{"line":60,"column":5}},{"start":{"line":58,"column":4},"end":{"line":60,"column":5}}],"line":58}},"s":{"0":1,"1":1,"2":1,"3":0,"4":1,"5":0,"6":0,"7":0,"8":0,"9":0,"10":0,"11":0,"12":1,"13":0,"14":0,"15":0,"16":0,"17":0,"18":1,"19":0,"20":0,"21":0,"22":0,"23":0,"24":1,"25":0,"26":1,"27":0,"28":1,"29":0,"30":1,"31":0,"32":1,"33":0},"f":{"0":0,"1":0,"2":0,"3":0,"4":0,"5":0,"6":0,"7":0,"8":0,"9":0,"10":0,"11":0,"12":0,"13":0,"14":0},"b":{"0":[0],"1":[0],"2":[0,0],"3":[0,0],"4":[0],"5":[0],"6":[0,0],"7":[0],"8":[0,0]},"_coverageSchema":"43e27e138ebf9cfc5966b082cf9a028302ed4184","hash":"9d6021b38728e8fe483a09aee033efe258fdbe3f"},"/Users/henry/git/equinor/mad-project-hearing-test-client/app/utils/Exception.js":{"path":"/Users/henry/git/equinor/mad-project-hearing-test-client/app/utils/Exception.js","statementMap":{"0":{"start":{"line":2,"column":2},"end":{"line":2,"column":25}},"1":{"start":{"line":3,"column":2},"end":{"line":3,"column":39}},"2":{"start":{"line":7,"column":2},"end":{"line":7,"column":25}},"3":{"start":{"line":8,"column":2},"end":{"line":8,"column":27}},"4":{"start":{"line":9,"column":2},"end":{"line":9,"column":39}}},"fnMap":{"0":{"name":"Exception","decl":{"start":{"line":1,"column":16},"end":{"line":1,"column":25}},"loc":{"start":{"line":1,"column":58},"end":{"line":4,"column":1}},"line":1},"1":{"name":"NetworkException","decl":{"start":{"line":6,"column":16},"end":{"line":6,"column":32}},"loc":{"start":{"line":6,"column":77},"end":{"line":10,"column":1}},"line":6}},"branchMap":{"0":{"loc":{"start":{"line":1,"column":35},"end":{"line":1,"column":56}},"type":"default-arg","locations":[{"start":{"line":1,"column":52},"end":{"line":1,"column":56}}],"line":1},"1":{"loc":{"start":{"line":6,"column":54},"end":{"line":6,"column":75}},"type":"default-arg","locations":[{"start":{"line":6,"column":71},"end":{"line":6,"column":75}}],"line":6}},"s":{"0":0,"1":0,"2":0,"3":0,"4":0},"f":{"0":0,"1":0},"b":{"0":[0],"1":[0]},"_coverageSchema":"43e27e138ebf9cfc5966b082cf9a028302ed4184","hash":"a005c267a312a0dda75b3a7718502fa1404e1087"},"/Users/henry/git/equinor/mad-project-hearing-test-client/app/store/service-message/saga.js":{"path":"/Users/henry/git/equinor/mad-project-hearing-test-client/app/store/service-message/saga.js","statementMap":{"0":{"start":{"line":7,"column":2},"end":{"line":14,"column":3}},"1":{"start":{"line":8,"column":4},"end":{"line":8,"column":54}},"2":{"start":{"line":9,"column":21},"end":{"line":9,"column":70}},"3":{"start":{"line":10,"column":4},"end":{"line":10,"column":62}},"4":{"start":{"line":12,"column":4},"end":{"line":12,"column":32}},"5":{"start":{"line":13,"column":4},"end":{"line":13,"column":51}},"6":{"start":{"line":18,"column":2},"end":{"line":18,"column":80}}},"fnMap":{"0":{"name":"fetchServiceMessage","decl":{"start":{"line":6,"column":10},"e
[...]
,"end":{"line":37,"column":25}},{"start":{"line":38,"column":4},"end":{"line":39,"column":30}}],"line":28},"2":{"loc":{"start":{"line":44,"column":2},"end":{"line":54,"column":3}},"type":"switch","locations":[{"start":{"line":45,"column":4},"end":{"line":46,"column":18}},{"start":{"line":47,"column":4},"end":{"line":48,"column":18}},{"start":{"line":49,"column":4},"end":{"line":49,"column":28}},{"start":{"line":50,"column":4},"end":{"line":50,"column":28}},{"start":{"line":51,"column":4},"end":{"line":51,"column":25}},{"start":{"line":52,"column":4},"end":{"line":53,"column":18}}],"line":44}},"s":{"0":1,"1":1,"2":0,"3":0,"4":0,"5":0,"6":0,"7":0,"8":1,"9":0,"10":0,"11":0,"12":0,"13":0,"14":0,"15":1,"16":0,"17":0,"18":0,"19":0,"20":1,"21":0},"f":{"0":0,"1":0,"2":0,"3":0},"b":{"0":[0,0,0,0,0],"1":[0,0,0,0,0,0],"2":[0,0,0,0,0,0]},"_coverageSchema":"43e27e138ebf9cfc5966b082cf9a028302ed4184","hash":"ea8916617983f9805fcf3e9eb2d781d1ff2cf2e3"},"/Users/henry/git/equinor/mad-project-hearing-test-client/app/stylesheets/ToastStyles.js":{"path":"/Users/henry/git/equinor/mad-project-hearing-test-client/app/stylesheets/ToastStyles.js","statementMap":{},"fnMap":{},"branchMap":{},"s":{},"f":{},"b":{},"_coverageSchema":"43e27e138ebf9cfc5966b082cf9a028302ed4184","hash":"af8126f468fc6c3fbeb5ebe44c31bbcc3f96508d"},"/Users/henry/git/equinor/mad-project-hearing-test-client/app/stylesheets/colors.js":{"path":"/Users/henry/git/equinor/mad-project-hearing-test-client/app/stylesheets/colors.js","statementMap":{"0":{"start":{"line":1,"column":20},"end":{"line":1,"column":29}},"1":{"start":{"line":2,"column":26},"end":{"line":2,"column":35}},"2":{"start":{"line":3,"column":25},"end":{"line":3,"column":34}},"3":{"start":{"line":4,"column":37},"end":{"line":4,"column":46}},"4":{"start":{"line":6,"column":21},"end":{"line":6,"column":30}},"5":{"start":{"line":7,"column":26},"end":{"line":7,"column":35}},"6":{"start":{"line":8,"column":27},"end":{"line":8,"column":36}},"7":{"start":{"line":10,"column":22},"end":{"line":10,"column":31}},"8":{"start":{"line":11,"column":22},"end":{"line":11,"column":31}},"9":{"start":{"line":12,"column":22},"end":{"line":12,"column":31}},"10":{"start":{"line":13,"column":22},"end":{"line":13,"column":31}},"11":{"start":{"line":15,"column":25},"end":{"line":15,"column":34}},"12":{"start":{"line":17,"column":20},"end":{"line":17,"column":29}},"13":{"start":{"line":18,"column":26},"end":{"line":18,"column":35}},"14":{"start":{"line":19,"column":31},"end":{"line":19,"column":40}},"15":{"start":{"line":21,"column":22},"end":{"line":21,"column":31}},"16":{"start":{"line":22,"column":28},"end":{"line":22,"column":37}},"17":{"start":{"line":24,"column":28},"end":{"line":24,"column":37}},"18":{"start":{"line":26,"column":27},"end":{"line":26,"column":36}},"19":{"start":{"line":28,"column":19},"end":{"line":28,"column":28}},"20":{"start":{"line":29,"column":24},"end":{"line":29,"column":33}},"21":{"start":{"line":31,"column":29},"end":{"line":31,"column":38}},"22":{"start":{"line":32,"column":29},"end":{"line":32,"column":38}},"23":{"start":{"line":34,"column":21},"end":{"line":34,"column":30}},"24":{"start":{"line":36,"column":30},"end":{"line":36,"column":39}},"25":{"start":{"line":37,"column":32},"end":{"line":37,"column":41}},"26":{"start":{"line":38,"column":35},"end":{"line":38,"column":44}},"27":{"start":{"line":39,"column":37},"end":{"line":39,"column":46}},"28":{"start":{"line":41,"column":30},"end":{"line":41,"column":39}},"29":{"start":{"line":42,"column":29},"end":{"line":42,"column":38}},"30":{"start":{"line":43,"column":29},"end":{"line":43,"column":38}},"31":{"start":{"line":44,"column":29},"end":{"line":44,"column":38}},"32":{"start":{"line":45,"column":29},"end":{"line":45,"column":38}},"33":{"start":{"line":48,"column":20},"end":{"line":48,"column":29}},"34":{"start":{"line":49,"column":20},"end":{"line":49,"column":29}},"35":{"start":{"line":50,"column":18},"end":{"line":50,"column":27}}},"fnMap":{},"branchMap":{},"s":{"0":4,"1":4,"2":4,"3":4,"4":4,"5":4,"6":4,"7":4,"8":4,"9":4,"10":4,"11":4,"12":4,"13":4,"14":4,"15":4,"16":4,"17":4,"18":4,"19":4,"20":4,"21":4,"22":4,"23":4,"24":4,"25":4,"26":4,"27":4,"28":4,"29":4,"30":4,"31":4,"32":4,"33":4,"34":4,"35":4},"f":{},"b":{},"_coverageSchema":"43e27e138ebf9cfc5966b082cf9a028302ed4184","hash":"4d1a4356809d08b28d0f846091bc510735cee52f"},"/Users/henry/git/equinor/mad-project-hearing-test-client/app/store/test/saga.js":{"path":"/Users/henry/git/equinor/mad-project-hearing-test-client/app/store/test/saga.js","statementMap":{"0":{"start":{"line":7,"column":2},"end":{"line":13,"column":3}},"1":{"start":{"line":8,"column":4},"end":{"line":8,"column":44}},"2":{"start":{"line":9,"column":21},"end":{"line":9,"column":62}},"3":{"start":{"line":10,"column":4},"end":{"line":10,"column":52}},"4":{"start":{"line":12,"column":4},"end":{"line":12,"column":43}},"5":{"start":{"line":16,"column":2},"end":{"line":22,"column":3}},"6":{"start":{"line":17,"column":4},"end":{"line":17,"column":43}},"7":{"start":{"line":18,"column":21},"end":{"line":18,"column":61}},"8":{"start":{"line":19,"column":4},"end":{"line":19,"column":51}},"9":{"start":{"line":21,"column":4},"end":{"line":21,"column":42}},"10":{"start":{"line":26,"column":2},"end":{"line":33,"column":3}},"11":{"start":{"line":27,"column":4},"end":{"line":27,"column":49}},"12":{"start":{"line":28,"column":21},"end":{"line":28,"column":60}},"13":{"start":{"line":29,"column":4},"end":{"line":29,"column":57}},"14":{"start":{"line":31,"column":4},"end":{"line":31,"column":32}},"15":{"start":{"line":32,"column":4},"end":{"line":32,"column":48}},"16":{"start":{"line":37,"column":2},"end":{"line":37,"column":60}},"17":{"start":{"line":41,"column":2},"end":{"line":41,"column":58}},"18":{"start":{"line":45,"column":2},"end":{"line":45,"column":63}}},"fnMap":{"0":{"name":"fetchTest","decl":{"start":{"line":6,"column":10},"end":{"line":6,"column":19}},"loc":{"start":{"line":6,"column":28},"end":{"line":14,"column":1}},"line":6},"1":{"name":"postTest","decl":{"start":{"line":15,"column":10},"end":{"line":15,"column":18}},"loc":{"start":{"line":15,"column":27},"end":{"line":23,"column":1}},"line":15},"2":{"name":"appInit","decl":{"start":{"line":25,"column":10},"end":{"line":25,"column":17}},"loc":{"start":{"line":25,"column":26},"end":{"line":34,"column":1}},"line":25},"3":{"name":"watchFetchTest","decl":{"start":{"line":36,"column":17},"end":{"line":36,"column":31}},"loc":{"start":{"line":36,"column":34},"end":{"line":38,"column":1}},"line":36},"4":{"name":"watchPostTest","decl":{"start":{"line":40,"column":17},"end":{"line":40,"column":30}},"loc":{"start":{"line":40,"column":33},"end":{"line":42,"column":1}},"line":40},"5":{"name":"watchAppInit","decl":{"start":{"line":44,"column":17},"end":{"line":44,"column":29}},"loc":{"start":{"line":44,"column":32},"end":{"line":46,"column":1}},"line":44}},"branchMap":{},"s":{"0":0,"1":0,"2":0,"3":0,"4":0,"5":0,"6":0,"7":0,"8":0,"9":0,"10":0,"11":0,"12":0,"13":0,"14":0,"15":0,"16":1,"17":1,"18":1},"f":{"0":0,"1":0,"2":0,"3":1,"4":1,"5":1},"b":{},"_coverageSchema":"43e27e138ebf9cfc5966b082cf9a028302ed4184","hash":"7ab6fb0f182c01ce14bd22ead283cd0a3003ca6f"},"/Users/henry/git/equinor/mad-project-hearing-test-client/app/store/tests/saga.js":{"path":"/Users/henry/git/equinor/mad-project-hearing-test-client/app/store/tests/saga.js","statementMap":{"0":{"start":{"line":6,"column":2},"end":{"line":12,"column":3}},"1":{"start":{"line":7,"column":4},"end":{"line":7,"column":45}},"2":{"start":{"line":8,"column":21},"end":{"line":8,"column":63}},"3":{"start":{"line":9,"column":4},"end":{"line":9,"column":53}},"4":{"start":{"line":11,"column":4},"end":{"line":11,"column":44}},"5":{"start":{"line":16,"column":2},"end":{"line":16,"column":62}}},"fnMap":{"0":{"name":"fetchTests","decl":{"start":{"line":5,"column":10},"end":{"line":5,"column":20}},"loc":{"start":{"line":5,"column":29},"end":{"line":13,"column":1}},"line":5},"1":{"name":"watchFetchTests","decl":{"start":{"line":15,"column":17},"end":{"line":15,"column":32}},"loc":{"start":{"line":15,"column":35},"end":{"line":17,"column":1}},"line":15}},"branchMap":{},"s":{"0":0,"1":0,"2":0,"3":0,"4":0,"5":1},"f":{"0":0,"1":1},"b":{},"_coverageSchema":"43e27e138ebf9cfc5966b082cf9a028302ed4184","hash":"d62727284e789177b8fc9bc4b8d47eace139c29f"},"/Users/henry/git/equinor/mad-project-hearing-test-client/app/components/common/molecules/NavigationList.js":{"path":"/Users/henry/git/equinor/mad-project-hearing-test-client/app/components/common/molecules/NavigationList.js","statementMap":{"0":{"start":{"line":15,"column":15},"end":{"line":38,"column":2}},"1":{"start":{"line":41,"column":21},"end":{"line":53,"column":3}},"2":{"start":{"line":55,"column":24},"end":{"line":59,"column":3}},"3":{"start":{"line":61,"column":16},"end":{"line":64,"column":3}},"4":{"start":{"line":62,"column":17},"end":{"line":62,"column":40}},"5":{"start":{"line":63,"column":4},"end":{"line":63,"column":60}},"6":{"start":{"line":66,"column":15},"end":{"line":73,"column":3}},"7":{"start":{"line":67,"column":4},"end":{"line":72,"column":23}},"8":{"start":{"line":67,"column":37},"end":{"line":67,"column":60}},"9":{"start":{"line":76,"column":43},"end":{"line":76,"column":53}},"10":{"start":{"line":77,"column":4},"end":{"line":84,"column":6}},"11":{"start":{"line":82,"column":53},"end":{"line":82,"column":61}}},"fnMap":{"0":{"name":"(anonymous_0)","decl":{"start":{"line":61,"column":16},"end":{"line":61,"column":17}},"loc":{"start":{"line":61,"column":25},"end":{"line":64,"column":3}},"line":61},"1":{"name":"(anonymous_1)","decl":{"start":{"line":66,"column":15},"end":{"line":66,"column":16}},"loc":{"start":{"line":67,"column":4},"end":{"line":72,"column":23}},"line":67},"2":{"name":"(anonymous_2)","decl":{"start":{"line":67,"column":31},"end":{"line":67,"column":32}},"loc":{"start":{"line":67,"column":37},"end":{"line":67,"column":60}},"line":67},"3":{"name":"(anonymous_3)","decl":{"start":{"line":75,"column":2},"end":{"line":75,"column":3}},"loc":{"start":{"line":75,"column":11},"end":{"line":85,"column":3}},"line":75},"4":{"name":"(anonymous_4)","decl":{"start":{"line":82,"column":45},"end":{"line":82,"column":46}},"loc":{"start":{"line":82,"column":53},"end":{"line":82,"column":61}},"line":82}},"branchMap":{"0":{"loc":{"start":{"line":80,"column":24},"end":{"line":80,"column":99}},"type":"binary-expr","locations":[{"start":{"line":80,"column":24},"end":{"line":80,"column":33}},{"start":{"line":80,"column":37},"end":{"line":80,"column":99}}],"line":80}},"s":{"0":2,"1":2,"2":2,"3":1,"4":2,"5":2,"6":1,"7":0,"8":0,"9":1,"10":1,"11":0},"f":{"0":2,"1":0,"2":0,"3":1,"4":0},"b":{"0":[1,1]},"_coverageSchema":"43e27e138ebf9cfc5966b082cf9a028302ed4184","hash":"2e5b29cd85ccf94a9c6e1eaf62a3835105fac9a0"},"/Users/henry/git/equinor/mad-project-hearing-test-client/app/components/common/atoms/TextLink.js":{"path":"/Users/henry/git/equinor/mad-project-hearing-test-client/app/components/common/atoms/TextLink.js","statementMap":{"0":{"start":{"line":7,"column":15},"end":{"line":22,"column":2}},"1":{"start":{"line":24,"column":17},"end":{"line":35,"column":1}},"2":{"start":{"line":25,"column":2},"end":{"line":34,"column":21}},"3":{"start":{"line":26,"column":19},"end":{"line":26,"column":43}},"4":{"start":{"line":37,"column":0},"end":{"line":47,"column":2}},"5":{"start":{"line":49,"column":0},"end":{"line":51,"column":2}}},"fnMap":{"0":{"name":"(anonymous_0)","decl":{"start":{"line":24,"column":17},"end":{"line":24,"column":18}},"loc":{"start":{"line":25,"column":2},"end":{"line":34,"column":21}},"line":25},"1":{"name":"(anonymous_1)","decl":{"start":{"line":26,"column":13},"end":{"line":26,"column":14}},"loc":{"start":{"line":26,"column":19},"end":{"line":26,"column":43}},"line":26}},"branchMap":{},"s":{"0":2,"1":2,"2":1,"3":1,"4":2,"5":2},"f":{"0":1,"1":1},"b":{},"_coverageSchema":"43e27e138ebf9cfc5966b082cf9a028302ed4184","hash":"220b3e6937a94826d3487c2a758c49567c585f37"},"/Users/henry/git/equinor/mad-project-hearing-test-client/app/components/common/atoms/Checkbox.js":{"path":"/Users/henry/git/equinor/mad-project-hearing-test-client/app/components/common/atoms/Checkbox.js","statementMap":{"0":{"start":{"line":6,"column":15},"end":{"line":10,"column":1}},"1":{"start":{"line":13,"column":21},"end":{"line":20,"column":3}},"2":{"start":{"line":22,"column":24},"end":{"line":28,"column":3}},"3":{"start":{"line":31,"column":4},"end":{"line":45,"column":6}},"4":{"start":{"line":35,"column":10},"end":{"line":35,"column":99}}},"fnMap":{"0":{"name":"(anonymous_0)","decl":{"start":{"line":30,"column":2},"end":{"line":30,"column":3}},"loc":{"start":{"line":30,"column":11},"end":{"line":46,"column":3}},"line":30},"1":{"name":"(anonymous_1)","decl":{"start":{"line":34,"column":17},"end":{"line":34,"column":18}},"loc":{"start":{"line":34,"column":23},"end":{"line":36,"column":9}},"line":34}},"branchMap":{"0":{"loc":{"start":{"line":35,"column":35},"end":{"line":35,"column":97}},"type":"cond-expr","locations":[{"start":{"line":35,"column":57},"end":{"line":35,"column":75}},{"start":{"line":35,"column":78},"end":{"line":35,"column":97}}],"line":35},"1":{"loc":{"start":{"line":40,"column":16},"end":{"line":40,"column":76}},"type":"cond-expr","locations":[{"start":{"line":40,"column":37},"end":{"line":40,"column":48}},{"start":{"line":40,"column":51},"end":{"line":40,"column":76}}],"line":40}},"s":{"0":2,"1":2,"2":2,"3":2,"4":2},"f":{"0":2,"1":2},"b":{"0":[1,1],"1":[0,2]},"_coverageSchema":"43e27e138ebf9cfc5966b082cf9a028302ed4184","hash":"326986e0ad4ff8f6feb6cb2209fc0fd3422d2662"},"/Users/henry/git/equinor/mad-project-hearing-test-client/app/components/common/atoms/Button.js":{"path":"/Users/henry/git/equinor/mad-project-hearing-test-client/app/components/common/atoms/Button.js","statementMap":{"0":{"start":{"line":5,"column":15},"end":{"line":20,"column":1}},"1":{"start":{"line":22,"column":15},"end":{"line":36,"column":1}},"2":{"start":{"line":23,"column":51},"end":{"line":23,"column":57}},"3":{"start":{"line":26,"column":4},"end":{"line":26,"column":98}},"4":{"start":{"line":28,"column":2},"end":{"line":35,"column":4}},"5":{"start":{"line":38,"column":0},"end":{"line":45,"column":2}},"6":{"start":{"line":47,"column":0},"end":{"line":52,"column":2}}},"fnMap":{"0":{"name":"(anonymous_0)","decl":{"start":{"line":22,"column":15},"end":{"line":22,"column":16}},"loc":{"start":{"line":22,"column":77},"end":{"line":36,"column":1}},"line":22}},"branchMap":{"0":{"loc":{"start":{"line":26,"column":4},"end":{"line":26,"column":98}},"type":"cond-expr","locations":[{"start":{"line":26,"column":32},"end":{"line":26,"column":90}},{"start":{"line":26,"column":93},"end":{"line":26,"column":98}}],"line":26},"1":{"loc":{"start":{"line":30,"column":51},"end":{"line":30,"column":79}},"type":"binary-expr","locations":[{"start":{"line":30,"column":51},"end":{"line":30,"column":59}},{"start":{"line":30,"column":63},"end":{"line":30,"column":79}}],"line":30},"2":{"loc":{"start":{"line":31,"column":9},"end":{"line":31,"column":78}},"type":"binary-expr","locations":[{"start":{"line":31,"column":9},"end":{"line":31,"column":13}},{"start":{"line":31,"column":17},"end":{"line":31,"column":78}}],"line":31}},"s":{"0":2,"1":2,"2":2,"3":2,"4":2,"5":2,"6":2},"f":{"0":2},"b":{"0":[2,0],"1":[2,0],"2":[2,1]},"_coverageSchema":"43e27e138ebf9cfc5966b082cf9a028302ed4184","hash":"9f6afb8a2e769dce44a8882ef5963f9c3571244a"},"/Users/henry/git/equinor/mad-project-hearing-test-client/app/components/changelog/ChangeLog.js":{"path":"/Users/henry/git/equinor/mad-project-hearing-test-client/app/components/changelog/ChangeLog.js","statementMap":{"0":{"start":{"line":7,"column":15},"end":{"line":57,"column":2}},"1":{"start":{"line":59,"column":21},"end":{"line":59,"column":33}},"2":{"start":{"line":60,"column":19},"end":{"line":60,"column":23}},"3":{"start":{"line":63,"column":21},"end":{"line":67,"column":3}},"4":{"start":{"line":70,"column":81},"end":{"line":70,"column":87}},"5":{"start":{"line":72,"column":20},"end":{"line":72,"column":41}},"6":{"start":{"line":73,"column":4},"end":{"line":86,"column":6}},"7":{"start":{"line":79,"column":12},"end":{"line":82,"column":19}},"8":{"start":{"line":90,"column":47},"end":{"line":90,"column":53}},"9":{"start":{"line":92,"column":46},"end":{"line":92,"column":56}},"10":{"start":{"line":94,"column":4},"end":{"line":96,"column":5}},"11":{"start":{"line":95,"column":6},"end":{"line":95,"column":25}},"12":{"start":{"line":98,"column":4},"end":{"line":106,"column":6}}},"fnMap":{"0":{"name":"(anonymous_0)","decl":{"start":{"line":69,"column":2},"end":{"line":69,"column":3}},"loc":{"start":{"line":69,"column":27},"end":{"line":87,"column":3}},"line":69},"1":{"name":"(anonymous_1)","decl":{"start":{"line":78,"column":23},"end":{"line":78,"column":24}},"loc":{"start":{"line":79,"column":12},"end":{"line":82,"column":19}},"line":79},"2":{"name":"(anonymous_2)","decl":{"start":{"line":89,"column":2},"end":{"line":89,"column":3}},"loc":{"start":{"line":89,"column":11},"end":{"line":107,"column":3}},"line":89}},"branchMap":{"0":{"loc":{"start":{"line":72,"column":20},"end":{"line":72,"column":41}},"type":"binary-expr","locations":[{"start":{"line":72,"column":20},"end":{"line":72,"column":35}},{"start":{"line":72,"column":39},"end":{"line":72,"column":41}}],"line":72},"1":{"loc":{"start":{"line":94,"column":4},"end":{"line":96,"column":5}},"type":"if","locations":[{"start":{"line":94,"column":4},"end":{"line":96,"column":5}},{"start":{"line":94,"column":4},"end":{"line":96,"column":5}}],"line":94}},"s":{"0":1,"1":1,"2":1,"3":1,"4":1,"5":1,"6":1,"7":3,"8":2,"9":2,"10":2,"11":1,"12":1},"f":{"0":1,"1":3,"2":2},"b":{"0":[1,0],"1":[1,1]},"_coverageSchema":"43e27e138ebf9cfc5966b082cf9a028302ed4184","hash":"d2393d00a8fa3654bb938026f73a56c86c2e308a"},"/Users/henry/git/equinor/mad-project-hearing-test-client/app/components/common/index.js":{"path":"/Users/henry/git/equinor/mad-project-hearing-test-client/app/components/common/index.js","statementMap":{},"fnMap":{},"branchMap":{},"s":{},"f":{},"b":{},"_coverageSchema":"43e27e138ebf9cfc5966b082cf9a028302ed4184","hash":"22a617df0f8959c995bd4afb67c0c8acddfda4f0"},"/Users/henry/git/equinor/mad-project-hearing-test-client/app/components/common/atoms/Spinner.js":{"path":"/Users/henry/git/equinor/mad-project-hearing-test-client/app/components/common/atoms/Spinner.js","statementMap":{"0":{"start":{"line":5,"column":15},"end":{"line":11,"column":2}},"1":{"start":{"line":13,"column":16},"end":{"line":17,"column":1}},"2":{"start":{"line":14,"column":2},"end":{"line":16,"column":9}},"3":{"start":{"line":19,"column":0},"end":{"line":23,"column":2}},"4":{"start":{"line":25,"column":0},"end":{"line":29,"column":2}}},"fnMap":{"0":{"name":"(anonymous_0)","decl":{"start":{"line":13,"column":16},"end":{"line":13,"column":17}},"loc":{"start":{"line":14,"column":2},"end":{"line":16,"column":9}},"line":14}},"branchMap":{},"s":{"0":1,"1":1,"2":0,"3":1,"4":1},"f":{"0":0},"b":{},"_coverageSchema":"43e27e138ebf9cfc5966b082cf9a028302ed4184","hash":"c8c211fded12ee3ff55cfbc4c17bd78aaef23e16"},"/Users/henry/git/equinor/mad-project-hearing-test-client/app/components/common/atoms/SimpleInfoItem.js":{"path":"/Users/henry/git/equinor/mad-project-hearing-test-client/app/components/common/atoms/SimpleInfoItem.js","statementMap":{"0":{"start":{"line":6,"column":15},"end":{"line":18,"column":2}},"1":{"start":{"line":20,"column":23},"end":{"line":25,"column":1}},"2":{"start":{"line":21,"column":2},"end":{"line":24,"column":9}},"3":{"start":{"line":27,"column":0},"end":{"line":33,"column":2}}},"fnMap":{"0":{"name":"(anonymous_0)","decl":{"start":{"line":20,"column":23},"end":{"line":20,"column":24}},"loc":{"start":{"line":21,"column":2},"end":{"line":24,"column":9}},"line":21}},"branchMap":{},"s":{"0":1,"1":1,"2":0,"3":1},"f":{"0":0},"b":{},"_coverageSchema":"43e27e138ebf9cfc5966b082cf9a028302ed4184","hash":"90033411a4a71d9df11b15415e15d2b54e3f3c19"}}}